This is pdfTeX, Version 3.1415926-2.5-1.40.14 (TeX Live 2013/Debian) (format=pdflatex 2016.12.1)  22 FEB 2017 13:38
entering extended mode
 restricted \write18 enabled.
 %&-line parsing enabled.
**main.tex
(./main.tex
LaTeX2e <2011/06/27>
Babel <3.9h> and hyphenation patterns for 4 languages loaded.
(/usr/share/texlive/texmf-dist/tex/latex/base/report.cls
Document Class: report 2007/10/19 v1.4h Standard LaTeX document class
(/usr/share/texlive/texmf-dist/tex/latex/base/size12.clo
File: size12.clo 2007/10/19 v1.4h Standard LaTeX file (size option)
)
\c@part=\count79
\c@chapter=\count80
\c@section=\count81
\c@subsection=\count82
\c@subsubsection=\count83
\c@paragraph=\count84
\c@subparagraph=\count85
\c@figure=\count86
\c@table=\count87
\abovecaptionskip=\skip41
\belowcaptionskip=\skip42
\bibindent=\dimen102
)
(/usr/share/texlive/texmf-dist/tex/latex/base/inputenc.sty
Package: inputenc 2008/03/30 v1.1d Input encoding file
\inpenc@prehook=\toks14
\inpenc@posthook=\toks15

(/usr/share/texlive/texmf-dist/tex/latex/base/utf8.def
File: utf8.def 2008/04/05 v1.1m UTF-8 support for inputenc
Now handling font encoding OML ...
... no UTF-8 mapping file for font encoding OML
Now handling font encoding T1 ...
... processing UTF-8 mapping file for font encoding T1

(/usr/share/texlive/texmf-dist/tex/latex/base/t1enc.dfu
File: t1enc.dfu 2008/04/05 v1.1m UTF-8 support for inputenc
   defining Unicode char U+00A1 (decimal 161)
   defining Unicode char U+00A3 (decimal 163)
   defining Unicode char U+00AB (decimal 171)
   defining Unicode char U+00BB (decimal 187)
   defining Unicode char U+00BF (decimal 191)
   defining Unicode char U+00C0 (decimal 192)
   defining Unicode char U+00C1 (decimal 193)
   defining Unicode char U+00C2 (decimal 194)
   defining Unicode char U+00C3 (decimal 195)
   defining Unicode char U+00C4 (decimal 196)
   defining Unicode char U+00C5 (decimal 197)
   defining Unicode char U+00C6 (decimal 198)
   defining Unicode char U+00C7 (decimal 199)
   defining Unicode char U+00C8 (decimal 200)
   defining Unicode char U+00C9 (decimal 201)
   defining Unicode char U+00CA (decimal 202)
   defining Unicode char U+00CB (decimal 203)
   defining Unicode char U+00CC (decimal 204)
   defining Unicode char U+00CD (decimal 205)
   defining Unicode char U+00CE (decimal 206)
   defining Unicode char U+00CF (decimal 207)
   defining Unicode char U+00D0 (decimal 208)
   defining Unicode char U+00D1 (decimal 209)
   defining Unicode char U+00D2 (decimal 210)
   defining Unicode char U+00D3 (decimal 211)
   defining Unicode char U+00D4 (decimal 212)
   defining Unicode char U+00D5 (decimal 213)
   defining Unicode char U+00D6 (decimal 214)
   defining Unicode char U+00D8 (decimal 216)
   defining Unicode char U+00D9 (decimal 217)
   defining Unicode char U+00DA (decimal 218)
   defining Unicode char U+00DB (decimal 219)
   defining Unicode char U+00DC (decimal 220)
   defining Unicode char U+00DD (decimal 221)
   defining Unicode char U+00DE (decimal 222)
   defining Unicode char U+00DF (decimal 223)
   defining Unicode char U+00E0 (decimal 224)
   defining Unicode char U+00E1 (decimal 225)
   defining Unicode char U+00E2 (decimal 226)
   defining Unicode char U+00E3 (decimal 227)
   defining Unicode char U+00E4 (decimal 228)
   defining Unicode char U+00E5 (decimal 229)
   defining Unicode char U+00E6 (decimal 230)
   defining Unicode char U+00E7 (decimal 231)
   defining Unicode char U+00E8 (decimal 232)
   defining Unicode char U+00E9 (decimal 233)
   defining Unicode char U+00EA (decimal 234)
   defining Unicode char U+00EB (decimal 235)
   defining Unicode char U+00EC (decimal 236)
   defining Unicode char U+00ED (decimal 237)
   defining Unicode char U+00EE (decimal 238)
   defining Unicode char U+00EF (decimal 239)
   defining Unicode char U+00F0 (decimal 240)
   defining Unicode char U+00F1 (decimal 241)
   defining Unicode char U+00F2 (decimal 242)
   defining Unicode char U+00F3 (decimal 243)
   defining Unicode char U+00F4 (decimal 244)
   defining Unicode char U+00F5 (decimal 245)
   defining Unicode char U+00F6 (decimal 246)
   defining Unicode char U+00F8 (decimal 248)
   defining Unicode char U+00F9 (decimal 249)
   defining Unicode char U+00FA (decimal 250)
   defining Unicode char U+00FB (decimal 251)
   defining Unicode char U+00FC (decimal 252)
   defining Unicode char U+00FD (decimal 253)
   defining Unicode char U+00FE (decimal 254)
   defining Unicode char U+00FF (decimal 255)
   defining Unicode char U+0102 (decimal 258)
   defining Unicode char U+0103 (decimal 259)
   defining Unicode char U+0104 (decimal 260)
   defining Unicode char U+0105 (decimal 261)
   defining Unicode char U+0106 (decimal 262)
   defining Unicode char U+0107 (decimal 263)
   defining Unicode char U+010C (decimal 268)
   defining Unicode char U+010D (decimal 269)
   defining Unicode char U+010E (decimal 270)
   defining Unicode char U+010F (decimal 271)
   defining Unicode char U+0110 (decimal 272)
   defining Unicode char U+0111 (decimal 273)
   defining Unicode char U+0118 (decimal 280)
   defining Unicode char U+0119 (decimal 281)
   defining Unicode char U+011A (decimal 282)
   defining Unicode char U+011B (decimal 283)
   defining Unicode char U+011E (decimal 286)
   defining Unicode char U+011F (decimal 287)
   defining Unicode char U+0130 (decimal 304)
   defining Unicode char U+0131 (decimal 305)
   defining Unicode char U+0132 (decimal 306)
   defining Unicode char U+0133 (decimal 307)
   defining Unicode char U+0139 (decimal 313)
   defining Unicode char U+013A (decimal 314)
   defining Unicode char U+013D (decimal 317)
   defining Unicode char U+013E (decimal 318)
   defining Unicode char U+0141 (decimal 321)
   defining Unicode char U+0142 (decimal 322)
   defining Unicode char U+0143 (decimal 323)
   defining Unicode char U+0144 (decimal 324)
   defining Unicode char U+0147 (decimal 327)
   defining Unicode char U+0148 (decimal 328)
   defining Unicode char U+014A (decimal 330)
   defining Unicode char U+014B (decimal 331)
   defining Unicode char U+0150 (decimal 336)
   defining Unicode char U+0151 (decimal 337)
   defining Unicode char U+0152 (decimal 338)
   defining Unicode char U+0153 (decimal 339)
   defining Unicode char U+0154 (decimal 340)
   defining Unicode char U+0155 (decimal 341)
   defining Unicode char U+0158 (decimal 344)
   defining Unicode char U+0159 (decimal 345)
   defining Unicode char U+015A (decimal 346)
   defining Unicode char U+015B (decimal 347)
   defining Unicode char U+015E (decimal 350)
   defining Unicode char U+015F (decimal 351)
   defining Unicode char U+0160 (decimal 352)
   defining Unicode char U+0161 (decimal 353)
   defining Unicode char U+0162 (decimal 354)
   defining Unicode char U+0163 (decimal 355)
   defining Unicode char U+0164 (decimal 356)
   defining Unicode char U+0165 (decimal 357)
   defining Unicode char U+016E (decimal 366)
   defining Unicode char U+016F (decimal 367)
   defining Unicode char U+0170 (decimal 368)
   defining Unicode char U+0171 (decimal 369)
   defining Unicode char U+0178 (decimal 376)
   defining Unicode char U+0179 (decimal 377)
   defining Unicode char U+017A (decimal 378)
   defining Unicode char U+017B (decimal 379)
   defining Unicode char U+017C (decimal 380)
   defining Unicode char U+017D (decimal 381)
   defining Unicode char U+017E (decimal 382)
   defining Unicode char U+200C (decimal 8204)
   defining Unicode char U+2013 (decimal 8211)
   defining Unicode char U+2014 (decimal 8212)
   defining Unicode char U+2018 (decimal 8216)
   defining Unicode char U+2019 (decimal 8217)
   defining Unicode char U+201A (decimal 8218)
   defining Unicode char U+201C (decimal 8220)
   defining Unicode char U+201D (decimal 8221)
   defining Unicode char U+201E (decimal 8222)
   defining Unicode char U+2030 (decimal 8240)
   defining Unicode char U+2031 (decimal 8241)
   defining Unicode char U+2039 (decimal 8249)
   defining Unicode char U+203A (decimal 8250)
   defining Unicode char U+2423 (decimal 9251)
)
Now handling font encoding OT1 ...
... processing UTF-8 mapping file for font encoding OT1

(/usr/share/texlive/texmf-dist/tex/latex/base/ot1enc.dfu
File: ot1enc.dfu 2008/04/05 v1.1m UTF-8 support for inputenc
   defining Unicode char U+00A1 (decimal 161)
   defining Unicode char U+00A3 (decimal 163)
   defining Unicode char U+00B8 (decimal 184)
   defining Unicode char U+00BF (decimal 191)
   defining Unicode char U+00C5 (decimal 197)
   defining Unicode char U+00C6 (decimal 198)
   defining Unicode char U+00D8 (decimal 216)
   defining Unicode char U+00DF (decimal 223)
   defining Unicode char U+00E6 (decimal 230)
   defining Unicode char U+00EC (decimal 236)
   defining Unicode char U+00ED (decimal 237)
   defining Unicode char U+00EE (decimal 238)
   defining Unicode char U+00EF (decimal 239)
   defining Unicode char U+00F8 (decimal 248)
   defining Unicode char U+0131 (decimal 305)
   defining Unicode char U+0141 (decimal 321)
   defining Unicode char U+0142 (decimal 322)
   defining Unicode char U+0152 (decimal 338)
   defining Unicode char U+0153 (decimal 339)
   defining Unicode char U+2013 (decimal 8211)
   defining Unicode char U+2014 (decimal 8212)
   defining Unicode char U+2018 (decimal 8216)
   defining Unicode char U+2019 (decimal 8217)
   defining Unicode char U+201C (decimal 8220)
   defining Unicode char U+201D (decimal 8221)
)
Now handling font encoding OMS ...
... processing UTF-8 mapping file for font encoding OMS

(/usr/share/texlive/texmf-dist/tex/latex/base/omsenc.dfu
File: omsenc.dfu 2008/04/05 v1.1m UTF-8 support for inputenc
   defining Unicode char U+00A7 (decimal 167)
   defining Unicode char U+00B6 (decimal 182)
   defining Unicode char U+00B7 (decimal 183)
   defining Unicode char U+2020 (decimal 8224)
   defining Unicode char U+2021 (decimal 8225)
   defining Unicode char U+2022 (decimal 8226)
)
Now handling font encoding OMX ...
... no UTF-8 mapping file for font encoding OMX
Now handling font encoding U ...
... no UTF-8 mapping file for font encoding U
   defining Unicode char U+00A9 (decimal 169)
   defining Unicode char U+00AA (decimal 170)
   defining Unicode char U+00AE (decimal 174)
   defining Unicode char U+00BA (decimal 186)
   defining Unicode char U+02C6 (decimal 710)
   defining Unicode char U+02DC (decimal 732)
   defining Unicode char U+200C (decimal 8204)
   defining Unicode char U+2026 (decimal 8230)
   defining Unicode char U+2122 (decimal 8482)
   defining Unicode char U+2423 (decimal 9251)
))
(/usr/share/texlive/texmf-dist/tex/latex/graphics/graphicx.sty
Package: graphicx 1999/02/16 v1.0f Enhanced LaTeX Graphics (DPC,SPQR)

(/usr/share/texlive/texmf-dist/tex/latex/graphics/keyval.sty
Package: keyval 1999/03/16 v1.13 key=value parser (DPC)
\KV@toks@=\toks16
)
(/usr/share/texlive/texmf-dist/tex/latex/graphics/graphics.sty
Package: graphics 2009/02/05 v1.0o Standard LaTeX Graphics (DPC,SPQR)

(/usr/share/texlive/texmf-dist/tex/latex/graphics/trig.sty
Package: trig 1999/03/16 v1.09 sin cos tan (DPC)
)
(/usr/share/texlive/texmf-dist/tex/latex/latexconfig/graphics.cfg
File: graphics.cfg 2010/04/23 v1.9 graphics configuration of TeX Live
)
Package graphics Info: Driver file: pdftex.def on input line 91.

(/usr/share/texlive/texmf-dist/tex/latex/pdftex-def/pdftex.def
File: pdftex.def 2011/05/27 v0.06d Graphics/color for pdfTeX

(/usr/share/texlive/texmf-dist/tex/generic/oberdiek/infwarerr.sty
Package: infwarerr 2010/04/08 v1.3 Providing info/warning/error messages (HO)
)
(/usr/share/texlive/texmf-dist/tex/generic/oberdiek/ltxcmds.sty
Package: ltxcmds 2011/11/09 v1.22 LaTeX kernel commands for general use (HO)
)
\Gread@gobject=\count88
))
\Gin@req@height=\dimen103
\Gin@req@width=\dimen104
)
(/usr/share/texlive/texmf-dist/tex/latex/geometry/geometry.sty
Package: geometry 2010/09/12 v5.6 Page Geometry

(/usr/share/texlive/texmf-dist/tex/generic/oberdiek/ifpdf.sty
Package: ifpdf 2011/01/30 v2.3 Provides the ifpdf switch (HO)
Package ifpdf Info: pdfTeX in PDF mode is detected.
)
(/usr/share/texlive/texmf-dist/tex/generic/oberdiek/ifvtex.sty
Package: ifvtex 2010/03/01 v1.5 Detect VTeX and its facilities (HO)
Package ifvtex Info: VTeX not detected.
)
(/usr/share/texlive/texmf-dist/tex/generic/ifxetex/ifxetex.sty
Package: ifxetex 2010/09/12 v0.6 Provides ifxetex conditional
)
\Gm@cnth=\count89
\Gm@cntv=\count90
\c@Gm@tempcnt=\count91
\Gm@bindingoffset=\dimen105
\Gm@wd@mp=\dimen106
\Gm@odd@mp=\dimen107
\Gm@even@mp=\dimen108
\Gm@layoutwidth=\dimen109
\Gm@layoutheight=\dimen110
\Gm@layouthoffset=\dimen111
\Gm@layoutvoffset=\dimen112
\Gm@dimlist=\toks17
)
(/usr/share/texlive/texmf-dist/tex/latex/amsfonts/amsfonts.sty
Package: amsfonts 2013/01/14 v3.01 Basic AMSFonts support
\@emptytoks=\toks18
\symAMSa=\mathgroup4
\symAMSb=\mathgroup5
LaTeX Font Info:    Overwriting math alphabet `\mathfrak' in version `bold'
(Font)                  U/euf/m/n --> U/euf/b/n on input line 106.
)
(/usr/share/texlive/texmf-dist/tex/latex/tools/array.sty
Package: array 2008/09/09 v2.4c Tabular extension package (FMi)
\col@sep=\dimen113
\extrarowheight=\dimen114
\NC@list=\toks19
\extratabsurround=\skip43
\backup@length=\skip44
)
(/usr/share/texlive/texmf-dist/tex/latex/tools/indentfirst.sty
Package: indentfirst 1995/11/23 v1.03 Indent first paragraph (DPC)
)
(/usr/share/texlive/texmf-dist/tex/latex/lipsum/lipsum.sty
Package: lipsum 2011/04/14 v1.2 150 paragraphs of Lorem Ipsum dummy text
\c@lips@count=\count92
)
(/usr/share/texlive/texmf-dist/tex/latex/tools/verbatim.sty
Package: verbatim 2003/08/22 v1.5q LaTeX2e package for verbatim enhancements
\every@verbatim=\toks20
\verbatim@line=\toks21
\verbatim@in@stream=\read1
)
(/usr/share/texlive/texmf-dist/tex/latex/titlepic/titlepic.sty
Package: titlepic 2009/08/03 1.1 Package to display a picture on the title page

)
(/usr/share/texlive/texmf-dist/tex/latex/amsmath/amsmath.sty
Package: amsmath 2013/01/14 v2.14 AMS math features
\@mathmargin=\skip45

For additional information on amsmath, use the `?' option.
(/usr/share/texlive/texmf-dist/tex/latex/amsmath/amstext.sty
Package: amstext 2000/06/29 v2.01

(/usr/share/texlive/texmf-dist/tex/latex/amsmath/amsgen.sty
File: amsgen.sty 1999/11/30 v2.0
\@emptytoks=\toks22
\ex@=\dimen115
))
(/usr/share/texlive/texmf-dist/tex/latex/amsmath/amsbsy.sty
Package: amsbsy 1999/11/29 v1.2d
\pmbraise@=\dimen116
)
(/usr/share/texlive/texmf-dist/tex/latex/amsmath/amsopn.sty
Package: amsopn 1999/12/14 v2.01 operator names
)
\inf@bad=\count93
LaTeX Info: Redefining \frac on input line 210.
\uproot@=\count94
\leftroot@=\count95
LaTeX Info: Redefining \overline on input line 306.
\classnum@=\count96
\DOTSCASE@=\count97
LaTeX Info: Redefining \ldots on input line 378.
LaTeX Info: Redefining \dots on input line 381.
LaTeX Info: Redefining \cdots on input line 466.
\Mathstrutbox@=\box26
\strutbox@=\box27
\big@size=\dimen117
LaTeX Font Info:    Redeclaring font encoding OML on input line 566.
LaTeX Font Info:    Redeclaring font encoding OMS on input line 567.
\macc@depth=\count98
\c@MaxMatrixCols=\count99
\dotsspace@=\muskip10
\c@parentequation=\count100
\dspbrk@lvl=\count101
\tag@help=\toks23
\row@=\count102
\column@=\count103
\maxfields@=\count104
\andhelp@=\toks24
\eqnshift@=\dimen118
\alignsep@=\dimen119
\tagshift@=\dimen120
\tagwidth@=\dimen121
\totwidth@=\dimen122
\lineht@=\dimen123
\@envbody=\toks25
\multlinegap=\skip46
\multlinetaggap=\skip47
\mathdisplay@stack=\toks26
LaTeX Info: Redefining \[ on input line 2665.
LaTeX Info: Redefining \] on input line 2666.
)
(/usr/share/texlive/texmf-dist/tex/latex/titlesec/titlesec.sty
Package: titlesec 2011/12/15 v2.10.0 Sectioning titles
\ttl@box=\box28
\beforetitleunit=\skip48
\aftertitleunit=\skip49
\ttl@plus=\dimen124
\ttl@minus=\dimen125
\ttl@toksa=\toks27
\titlewidth=\dimen126
\titlewidthlast=\dimen127
\titlewidthfirst=\dimen128
) (./main.aux)
\openout1 = `main.aux'.

LaTeX Font Info:    Checking defaults for OML/cmm/m/it on input line 15.
LaTeX Font Info:    ... okay on input line 15.
LaTeX Font Info:    Checking defaults for T1/cmr/m/n on input line 15.
LaTeX Font Info:    ... okay on input line 15.
LaTeX Font Info:    Checking defaults for OT1/cmr/m/n on input line 15.
LaTeX Font Info:    ... okay on input line 15.
LaTeX Font Info:    Checking defaults for OMS/cmsy/m/n on input line 15.
LaTeX Font Info:    ... okay on input line 15.
LaTeX Font Info:    Checking defaults for OMX/cmex/m/n on input line 15.
LaTeX Font Info:    ... okay on input line 15.
LaTeX Font Info:    Checking defaults for U/cmr/m/n on input line 15.
LaTeX Font Info:    ... okay on input line 15.

(/usr/share/texlive/texmf-dist/tex/context/base/supp-pdf.mkii
[Loading MPS to PDF converter (version 2006.09.02).]
\scratchcounter=\count105
\scratchdimen=\dimen129
\scratchbox=\box29
\nofMPsegments=\count106
\nofMParguments=\count107
\everyMPshowfont=\toks28
\MPscratchCnt=\count108
\MPscratchDim=\dimen130
\MPnumerator=\count109
\makeMPintoPDFobject=\count110
\everyMPtoPDFconversion=\toks29
) (/usr/share/texlive/texmf-dist/tex/generic/oberdiek/pdftexcmds.sty
Package: pdftexcmds 2011/11/29 v0.20 Utility functions of pdfTeX for LuaTeX (HO
)

(/usr/share/texlive/texmf-dist/tex/generic/oberdiek/ifluatex.sty
Package: ifluatex 2010/03/01 v1.3 Provides the ifluatex switch (HO)
Package ifluatex Info: LuaTeX not detected.
)
Package pdftexcmds Info: LuaTeX not detected.
Package pdftexcmds Info: \pdf@primitive is available.
Package pdftexcmds Info: \pdf@ifprimitive is available.
Package pdftexcmds Info: \pdfdraftmode found.
)
(/usr/share/texlive/texmf-dist/tex/latex/oberdiek/epstopdf-base.sty
Package: epstopdf-base 2010/02/09 v2.5 Base part for package epstopdf

(/usr/share/texlive/texmf-dist/tex/latex/oberdiek/grfext.sty
Package: grfext 2010/08/19 v1.1 Manage graphics extensions (HO)

(/usr/share/texlive/texmf-dist/tex/generic/oberdiek/kvdefinekeys.sty
Package: kvdefinekeys 2011/04/07 v1.3 Define keys (HO)
))
(/usr/share/texlive/texmf-dist/tex/latex/oberdiek/kvoptions.sty
Package: kvoptions 2011/06/30 v3.11 Key value format for package options (HO)

(/usr/share/texlive/texmf-dist/tex/generic/oberdiek/kvsetkeys.sty
Package: kvsetkeys 2012/04/25 v1.16 Key value parser (HO)

(/usr/share/texlive/texmf-dist/tex/generic/oberdiek/etexcmds.sty
Package: etexcmds 2011/02/16 v1.5 Avoid name clashes with e-TeX commands (HO)
Package etexcmds Info: Could not find \expanded.
(etexcmds)             That can mean that you are not using pdfTeX 1.50 or
(etexcmds)             that some package has redefined \expanded.
(etexcmds)             In the latter case, load this package earlier.
)))
Package grfext Info: Graphics extension search list:
(grfext)             [.png,.pdf,.jpg,.mps,.jpeg,.jbig2,.jb2,.PNG,.PDF,.JPG,.JPE
G,.JBIG2,.JB2,.eps]
(grfext)             \AppendGraphicsExtensions on input line 452.

(/usr/share/texlive/texmf-dist/tex/latex/latexconfig/epstopdf-sys.cfg
File: epstopdf-sys.cfg 2010/07/13 v1.3 Configuration of (r)epstopdf for TeX Liv
e
))
*geometry* driver: auto-detecting
*geometry* detected driver: pdftex
*geometry* verbose mode - [ preamble ] result:
* driver: pdftex
* paper: custom
* layout: <same size as paper>
* layoutoffset:(h,v)=(0.0pt,0.0pt)
* modes: 
* h-part:(L,W,R)=(113.81102pt, 412.51306pt, 71.13188pt)
* v-part:(T,H,B)=(56.9055pt, 674.2644pt, 113.81102pt)
* \paperwidth=597.45596pt
* \paperheight=844.98093pt
* \textwidth=412.51306pt
* \textheight=674.2644pt
* \oddsidemargin=41.54103pt
* \evensidemargin=41.54103pt
* \topmargin=-52.36449pt
* \headheight=12.0pt
* \headsep=25.0pt
* \topskip=12.0pt
* \footskip=30.0pt
* \marginparwidth=44.0pt
* \marginparsep=10.0pt
* \columnsep=10.0pt
* \skip\footins=10.8pt plus 4.0pt minus 2.0pt
* \hoffset=0.0pt
* \voffset=0.0pt
* \mag=1000
* \@twocolumnfalse
* \@twosidefalse
* \@mparswitchfalse
* \@reversemarginfalse
* (1in=72.27pt=25.4mm, 1cm=28.453pt)

LaTeX Font Info:    Try loading font information for U+msa on input line 48.
(/usr/share/texlive/texmf-dist/tex/latex/amsfonts/umsa.fd
File: umsa.fd 2013/01/14 v3.01 AMS symbols A
)
LaTeX Font Info:    Try loading font information for U+msb on input line 48.

(/usr/share/texlive/texmf-dist/tex/latex/amsfonts/umsb.fd
File: umsb.fd 2013/01/14 v3.01 AMS symbols B
)
<images/university_edinburgh.jpg, id=1, 198.0198pt x 200.9106pt>
File: images/university_edinburgh.jpg Graphic file (type jpg)

<use images/university_edinburgh.jpg>
Package pdftex.def Info: images/university_edinburgh.jpg used on input line 48.

(pdftex.def)             Requested size: 108.91122pt x 110.50116pt.
 [1

{/var/lib/texmf/fonts/map/pdftex/updmap/pdftex.map} <./images/university_edinbu
rgh.jpg>] [1] [1

] (./main.lof)
\tf@lof=\write3
\openout3 = `main.lof'.

 [2

]
(./main.toc)
\tf@toc=\write4
\openout4 = `main.toc'.

 [3

]
Chapter 1.

LaTeX Warning: Reference `fig:plane_swarm' on page 4 undefined on input line 76
.

<images/kevin_flight.png, id=23, 1057.9525pt x 761.84625pt>
File: images/kevin_flight.png Graphic file (type png)

<use images/kevin_flight.png>
Package pdftex.def Info: images/kevin_flight.png used on input line 87.
(pdftex.def)             Requested size: 179.84955pt x 129.51215pt.

<images/Matterhorn_Wind.jpg, id=24, 602.25pt x 401.5pt>
File: images/Matterhorn_Wind.jpg Graphic file (type jpg)

<use images/Matterhorn_Wind.jpg>
Package pdftex.def Info: images/Matterhorn_Wind.jpg used on input line 96.
(pdftex.def)             Requested size: 271.01pt x 180.67332pt.

<images/wind_monitoring_system.jpg, id=25, 234.8775pt x 462.528pt>
File: images/wind_monitoring_system.jpg Graphic file (type jpg)

<use images/wind_monitoring_system.jpg>
Package pdftex.def Info: images/wind_monitoring_system.jpg used on input line 1
03.
(pdftex.def)             Requested size: 140.92758pt x 277.51894pt.
 [4

 <./images/kevin_flight.png>]
[5 <./images/Matterhorn_Wind.jpg>] [6 <./images/wind_monitoring_system.jpg>]
[7] <images/ash_cloud.png, id=40, 383.4325pt x 454.69875pt>
File: images/ash_cloud.png Graphic file (type png)

<use images/ash_cloud.png>
Package pdftex.def Info: images/ash_cloud.png used on input line 138.
(pdftex.def)             Requested size: 191.71577pt x 227.34882pt.
 [8] [9 <./images/ash_cloud.png>]
Chapter 2.
<images/planeOnTable.jpg, id=50, 2601.72pt x 1951.29pt>
File: images/planeOnTable.jpg Graphic file (type jpg)

<use images/planeOnTable.jpg>
Package pdftex.def Info: images/planeOnTable.jpg used on input line 161.
(pdftex.def)             Requested size: 260.18724pt x 195.14043pt.
 [10

] [11 <./images/planeOnTable.jpg>]
LaTeX Font Info:    Try loading font information for OMS+cmr on input line 192.


(/usr/share/texlive/texmf-dist/tex/latex/base/omscmr.fd
File: omscmr.fd 1999/05/25 v2.5h Standard LaTeX font definitions
)
LaTeX Font Info:    Font shape `OMS/cmr/m/n' in size <12> not available
(Font)              Font shape `OMS/cmsy/m/n' tried instead on input line 192.
 [12]
Chapter 3.
[13

]
<images/Gaussian_Process_Illustration.jpg, id=70, 1076.02pt x 645.41125pt>
File: images/Gaussian_Process_Illustration.jpg Graphic file (type jpg)

<use images/Gaussian_Process_Illustration.jpg>
Package pdftex.def Info: images/Gaussian_Process_Illustration.jpg used on input
 line 269.
(pdftex.def)             Requested size: 322.8085pt x 193.62486pt.
 [14] [15 <./images/Gaussian_Process_Illustration.jpg>]
<images/flow_views.png, id=80, 1645.14626pt x 612.2875pt>
File: images/flow_views.png Graphic file (type png)

<use images/flow_views.png>
Package pdftex.def Info: images/flow_views.png used on input line 317.
(pdftex.def)             Requested size: 411.28555pt x 153.0715pt.
 [16] [17 <./images/flow_views.png>]
Chapter 4.
Package epstopdf Info: Source file: <images/System_Diagram.eps>
(epstopdf)                    date: 2016-10-18 08:04:17
(epstopdf)                    size: 8326246 bytes
(epstopdf)             Output file: <images/System_Diagram-eps-converted-to.pdf
>
(epstopdf)                    date: 2016-10-18 08:04:17
(epstopdf)                    size: 258317 bytes
(epstopdf)             Command: <repstopdf --outfile=images/System_Diagram-eps-
converted-to.pdf images/System_Diagram.eps>
(epstopdf)             \includegraphics on input line 341.
Package epstopdf Info: Output file is already uptodate.

<images/System_Diagram-eps-converted-to.pdf, id=88, 1552.80125pt x 920.43875pt>
File: images/System_Diagram-eps-converted-to.pdf Graphic file (type pdf)
<use images/System_Diagram-eps-converted-to.pdf>
Package pdftex.def Info: images/System_Diagram-eps-converted-to.pdf used on inp
ut line 341.
(pdftex.def)             Requested size: 403.71881pt x 239.30843pt.
 [18

 <./images/System_Diagram-eps-converted-to.pdf>]
<images/mavros_rqt_graph.png, id=98, 397.485pt x 889.3225pt>
File: images/mavros_rqt_graph.png Graphic file (type png)

<use images/mavros_rqt_graph.png>
Package pdftex.def Info: images/mavros_rqt_graph.png used on input line 355.
(pdftex.def)             Requested size: 238.49283pt x 533.59761pt.
 [19] [20 <./images/mavros_rqt_graph.png>]
[21]
Chapter 5.
<images/in_field_picture.jpg, id=108, 2601.72pt x 1951.29pt>
File: images/in_field_picture.jpg Graphic file (type jpg)

<use images/in_field_picture.jpg>
Package pdftex.def Info: images/in_field_picture.jpg used on input line 373.
(pdftex.def)             Requested size: 390.24117pt x 292.68086pt.
 [22

 <./images/in_field_picture.jpg>]
<images/flight_plan_3.png, id=112, 816.04875pt x 755.82375pt>
File: images/flight_plan_3.png Graphic file (type png)

<use images/flight_plan_3.png>
Package pdftex.def Info: images/flight_plan_3.png used on input line 383.
(pdftex.def)             Requested size: 375.38698pt x 347.68314pt.
 [23 <./images/flight_plan_3.png>] [24] [25]
File: images/flight_plan_3.png Graphic file (type png)

<use images/flight_plan_3.png>
Package pdftex.def Info: images/flight_plan_3.png used on input line 452.
(pdftex.def)             Requested size: 285.62134pt x 264.54227pt.

<images/topographical_mod.png, id=123, 360.34625pt x 258.9675pt>
File: images/topographical_mod.png Graphic file (type png)

<use images/topographical_mod.png>
Package pdftex.def Info: images/topographical_mod.png used on input line 459.
(pdftex.def)             Requested size: 162.15431pt x 116.53429pt.

<images/low_wind_raw.jpg, id=124, 1861.95625pt x 1004.75375pt>
File: images/low_wind_raw.jpg Graphic file (type jpg)

<use images/low_wind_raw.jpg>
Package pdftex.def Info: images/low_wind_raw.jpg used on input line 468.
(pdftex.def)             Requested size: 372.38466pt x 200.94719pt.
 [26

]
<images/low_wind_interp2.jpg, id=128, 1861.95625pt x 1004.75375pt>
File: images/low_wind_interp2.jpg Graphic file (type jpg)

<use images/low_wind_interp2.jpg>
Package pdftex.def Info: images/low_wind_interp2.jpg used on input line 476.
(pdftex.def)             Requested size: 372.38466pt x 200.94719pt.

<images/Windy_raw.jpg, id=129, 1861.95625pt x 1004.75375pt>
File: images/Windy_raw.jpg Graphic file (type jpg)

<use images/Windy_raw.jpg>
Package pdftex.def Info: images/Windy_raw.jpg used on input line 483.
(pdftex.def)             Requested size: 372.38466pt x 200.94719pt.
 [27 <./images/topographical_mod.png> <./images/low_wind_raw.jpg>] [28 <./image
s/low_wind_interp2.jpg> <./images/Windy_raw.jpg>]
<images/windy_interp_moded.jpg, id=136, 1861.95625pt x 1004.75375pt>
File: images/windy_interp_moded.jpg Graphic file (type jpg)

<use images/windy_interp_moded.jpg>
Package pdftex.def Info: images/windy_interp_moded.jpg used on input line 496.
(pdftex.def)             Requested size: 372.38466pt x 200.94719pt.

<images/windy_inter_reg_mid.jpg, id=137, 1861.95625pt x 1004.75375pt>
File: images/windy_inter_reg_mid.jpg Graphic file (type jpg)

<use images/windy_inter_reg_mid.jpg>
Package pdftex.def Info: images/windy_inter_reg_mid.jpg used on input line 506.

(pdftex.def)             Requested size: 372.38466pt x 200.94719pt.
 [29 <./images/windy_interp_moded.jpg> <./images/windy_inter_reg_mid.jpg>]
<images/curious_weather.png, id=142, 643.40375pt x 501.875pt>
File: images/curious_weather.png Graphic file (type png)

<use images/curious_weather.png>
Package pdftex.def Info: images/curious_weather.png used on input line 518.
(pdftex.def)             Requested size: 405.34651pt x 316.1829pt.

<images/last.png, id=143, 645.41125pt x 492.84125pt>
File: images/last.png Graphic file (type png)
 <use images/last.png>
Package pdftex.def Info: images/last.png used on input line 524.
(pdftex.def)             Requested size: 406.61125pt x 310.49162pt.

<images/Pressure_from_AP.jpg, id=144, 1861.95625pt x 1004.75375pt>
File: images/Pressure_from_AP.jpg Graphic file (type jpg)

<use images/Pressure_from_AP.jpg>
Package pdftex.def Info: images/Pressure_from_AP.jpg used on input line 531.
(pdftex.def)             Requested size: 372.38466pt x 200.94719pt.
 [30

 <./images/curious_weather.png (PNG copy)>] [31 <./images/last.png> <./images/P
ressure_from_AP.jpg>]
<images/surface_mag.jpg, id=151, 1861.95625pt x 1004.75375pt>
File: images/surface_mag.jpg Graphic file (type jpg)

<use images/surface_mag.jpg>
Package pdftex.def Info: images/surface_mag.jpg used on input line 541.
(pdftex.def)             Requested size: 372.38466pt x 200.94719pt.

<images/clustered_cells.jpg, id=152, 1861.95625pt x 1004.75375pt>
File: images/clustered_cells.jpg Graphic file (type jpg)

<use images/clustered_cells.jpg>
Package pdftex.def Info: images/clustered_cells.jpg used on input line 546.
(pdftex.def)             Requested size: 372.38466pt x 200.94719pt.
 [32

 <./images/surface_mag.jpg> <./images/clustered_cells.jpg>] [33]
Chapter 6.
[34

] <images/taleaus.jpg, id=162, 1183.42125pt x 997.7275pt>
File: images/taleaus.jpg Graphic file (type jpg)

<use images/taleaus.jpg>
Package pdftex.def Info: images/taleaus.jpg used on input line 568.
(pdftex.def)             Requested size: 236.68005pt x 199.54196pt.


LaTeX Warning: Reference `fig:plane_swarm' on page 35 undefined on input line 5
74.

[35 <./images/taleaus.jpg>] [36] [37

]
Underfull \hbox (badness 2626) in paragraph at lines 649--650
[]\OT1/cmr/m/n/12 NOAA \OT1/cmr/m/it/12 Nu-meric Weather Pre-dic-tion \OT1/cmr/
m/n/12 https://www.ncdc.noaa.gov/data-
 []


Overfull \hbox (31.53967pt too wide) in paragraph at lines 664--665
\OT1/cmtt/m/n/12 www.mymodernmet.com/profiles/blogs/nenad-saljic-matterhorn-por
traits 
 []

[38]
Underfull \hbox (badness 10000) in paragraph at lines 682--683
[]\OT1/cmr/m/it/12 Complete So-lu-tions for Small Wind Tur-bine Site As-sess-me
nt
 []

[39] (./main.aux)

LaTeX Warning: There were undefined references.

 ) 
Here is how much of TeX's memory you used:
 3661 strings out of 494985
 50416 string characters out of 6180356
 207735 words of memory out of 5000000
 6766 multiletter control sequences out of 15000+600000
 16287 words of font info for 61 fonts, out of 8000000 for 9000
 36 hyphenation exceptions out of 8191
 38i,9n,28p,1527b,288s stack positions out of 5000i,500n,10000p,200000b,80000s
</usr/share/texlive/texmf-dist/fonts/type1/public/amsfonts/cmextra/cmbsy8.pfb
></usr/share/texlive/texmf-dist/fonts/type1/public/amsfonts/cm/cmbx12.pfb></usr
/share/texlive/texmf-dist/fonts/type1/public/amsfonts/cm/cmex10.pfb></usr/share
/texlive/texmf-dist/fonts/type1/public/amsfonts/cm/cmmi12.pfb></usr/share/texli
ve/texmf-dist/fonts/type1/public/amsfonts/cm/cmmi8.pfb></usr/share/texlive/texm
f-dist/fonts/type1/public/amsfonts/cm/cmmib10.pfb></usr/share/texlive/texmf-dis
t/fonts/type1/public/amsfonts/cmextra/cmmib8.pfb></usr/share/texlive/texmf-dist
/fonts/type1/public/amsfonts/cm/cmr10.pfb></usr/share/texlive/texmf-dist/fonts/
type1/public/amsfonts/cm/cmr12.pfb></usr/share/texlive/texmf-dist/fonts/type1/p
ublic/amsfonts/cm/cmr17.pfb></usr/share/texlive/texmf-dist/fonts/type1/public/a
msfonts/cm/cmr8.pfb></usr/share/texlive/texmf-dist/fonts/type1/public/amsfonts/
cm/cmsy10.pfb></usr/share/texlive/texmf-dist/fonts/type1/public/amsfonts/cm/cms
y8.pfb></usr/share/texlive/texmf-dist/fonts/type1/public/amsfonts/cm/cmti12.pfb
></usr/share/texlive/texmf-dist/fonts/type1/public/amsfonts/cm/cmtt12.pfb>
Output written on main.pdf (41 pages, 8174405 bytes).
PDF statistics:
 230 PDF objects out of 1000 (max. 8388607)
 141 compressed objects within 2 object streams
 0 named destinations out of 1000 (max. 500000)
 121 words of extra memory for PDF output out of 10000 (max. 10000000)

