This is pdfTeX, Version 3.1415926-2.5-1.40.14 (TeX Live 2013/Debian) (format=pdflatex 2016.12.1)  24 FEB 2017 12:32
entering extended mode
 restricted \write18 enabled.
 %&-line parsing enabled.
**main.tex
(./main.tex
LaTeX2e <2011/06/27>
Babel <3.9h> and hyphenation patterns for 4 languages loaded.
(/usr/share/texlive/texmf-dist/tex/latex/base/report.cls
Document Class: report 2007/10/19 v1.4h Standard LaTeX document class
(/usr/share/texlive/texmf-dist/tex/latex/base/size12.clo
File: size12.clo 2007/10/19 v1.4h Standard LaTeX file (size option)
)
\c@part=\count79
\c@chapter=\count80
\c@section=\count81
\c@subsection=\count82
\c@subsubsection=\count83
\c@paragraph=\count84
\c@subparagraph=\count85
\c@figure=\count86
\c@table=\count87
\abovecaptionskip=\skip41
\belowcaptionskip=\skip42
\bibindent=\dimen102
)
(/usr/share/texlive/texmf-dist/tex/latex/base/inputenc.sty
Package: inputenc 2008/03/30 v1.1d Input encoding file
\inpenc@prehook=\toks14
\inpenc@posthook=\toks15

(/usr/share/texlive/texmf-dist/tex/latex/base/utf8.def
File: utf8.def 2008/04/05 v1.1m UTF-8 support for inputenc
Now handling font encoding OML ...
... no UTF-8 mapping file for font encoding OML
Now handling font encoding T1 ...
... processing UTF-8 mapping file for font encoding T1

(/usr/share/texlive/texmf-dist/tex/latex/base/t1enc.dfu
File: t1enc.dfu 2008/04/05 v1.1m UTF-8 support for inputenc
   defining Unicode char U+00A1 (decimal 161)
   defining Unicode char U+00A3 (decimal 163)
   defining Unicode char U+00AB (decimal 171)
   defining Unicode char U+00BB (decimal 187)
   defining Unicode char U+00BF (decimal 191)
   defining Unicode char U+00C0 (decimal 192)
   defining Unicode char U+00C1 (decimal 193)
   defining Unicode char U+00C2 (decimal 194)
   defining Unicode char U+00C3 (decimal 195)
   defining Unicode char U+00C4 (decimal 196)
   defining Unicode char U+00C5 (decimal 197)
   defining Unicode char U+00C6 (decimal 198)
   defining Unicode char U+00C7 (decimal 199)
   defining Unicode char U+00C8 (decimal 200)
   defining Unicode char U+00C9 (decimal 201)
   defining Unicode char U+00CA (decimal 202)
   defining Unicode char U+00CB (decimal 203)
   defining Unicode char U+00CC (decimal 204)
   defining Unicode char U+00CD (decimal 205)
   defining Unicode char U+00CE (decimal 206)
   defining Unicode char U+00CF (decimal 207)
   defining Unicode char U+00D0 (decimal 208)
   defining Unicode char U+00D1 (decimal 209)
   defining Unicode char U+00D2 (decimal 210)
   defining Unicode char U+00D3 (decimal 211)
   defining Unicode char U+00D4 (decimal 212)
   defining Unicode char U+00D5 (decimal 213)
   defining Unicode char U+00D6 (decimal 214)
   defining Unicode char U+00D8 (decimal 216)
   defining Unicode char U+00D9 (decimal 217)
   defining Unicode char U+00DA (decimal 218)
   defining Unicode char U+00DB (decimal 219)
   defining Unicode char U+00DC (decimal 220)
   defining Unicode char U+00DD (decimal 221)
   defining Unicode char U+00DE (decimal 222)
   defining Unicode char U+00DF (decimal 223)
   defining Unicode char U+00E0 (decimal 224)
   defining Unicode char U+00E1 (decimal 225)
   defining Unicode char U+00E2 (decimal 226)
   defining Unicode char U+00E3 (decimal 227)
   defining Unicode char U+00E4 (decimal 228)
   defining Unicode char U+00E5 (decimal 229)
   defining Unicode char U+00E6 (decimal 230)
   defining Unicode char U+00E7 (decimal 231)
   defining Unicode char U+00E8 (decimal 232)
   defining Unicode char U+00E9 (decimal 233)
   defining Unicode char U+00EA (decimal 234)
   defining Unicode char U+00EB (decimal 235)
   defining Unicode char U+00EC (decimal 236)
   defining Unicode char U+00ED (decimal 237)
   defining Unicode char U+00EE (decimal 238)
   defining Unicode char U+00EF (decimal 239)
   defining Unicode char U+00F0 (decimal 240)
   defining Unicode char U+00F1 (decimal 241)
   defining Unicode char U+00F2 (decimal 242)
   defining Unicode char U+00F3 (decimal 243)
   defining Unicode char U+00F4 (decimal 244)
   defining Unicode char U+00F5 (decimal 245)
   defining Unicode char U+00F6 (decimal 246)
   defining Unicode char U+00F8 (decimal 248)
   defining Unicode char U+00F9 (decimal 249)
   defining Unicode char U+00FA (decimal 250)
   defining Unicode char U+00FB (decimal 251)
   defining Unicode char U+00FC (decimal 252)
   defining Unicode char U+00FD (decimal 253)
   defining Unicode char U+00FE (decimal 254)
   defining Unicode char U+00FF (decimal 255)
   defining Unicode char U+0102 (decimal 258)
   defining Unicode char U+0103 (decimal 259)
   defining Unicode char U+0104 (decimal 260)
   defining Unicode char U+0105 (decimal 261)
   defining Unicode char U+0106 (decimal 262)
   defining Unicode char U+0107 (decimal 263)
   defining Unicode char U+010C (decimal 268)
   defining Unicode char U+010D (decimal 269)
   defining Unicode char U+010E (decimal 270)
   defining Unicode char U+010F (decimal 271)
   defining Unicode char U+0110 (decimal 272)
   defining Unicode char U+0111 (decimal 273)
   defining Unicode char U+0118 (decimal 280)
   defining Unicode char U+0119 (decimal 281)
   defining Unicode char U+011A (decimal 282)
   defining Unicode char U+011B (decimal 283)
   defining Unicode char U+011E (decimal 286)
   defining Unicode char U+011F (decimal 287)
   defining Unicode char U+0130 (decimal 304)
   defining Unicode char U+0131 (decimal 305)
   defining Unicode char U+0132 (decimal 306)
   defining Unicode char U+0133 (decimal 307)
   defining Unicode char U+0139 (decimal 313)
   defining Unicode char U+013A (decimal 314)
   defining Unicode char U+013D (decimal 317)
   defining Unicode char U+013E (decimal 318)
   defining Unicode char U+0141 (decimal 321)
   defining Unicode char U+0142 (decimal 322)
   defining Unicode char U+0143 (decimal 323)
   defining Unicode char U+0144 (decimal 324)
   defining Unicode char U+0147 (decimal 327)
   defining Unicode char U+0148 (decimal 328)
   defining Unicode char U+014A (decimal 330)
   defining Unicode char U+014B (decimal 331)
   defining Unicode char U+0150 (decimal 336)
   defining Unicode char U+0151 (decimal 337)
   defining Unicode char U+0152 (decimal 338)
   defining Unicode char U+0153 (decimal 339)
   defining Unicode char U+0154 (decimal 340)
   defining Unicode char U+0155 (decimal 341)
   defining Unicode char U+0158 (decimal 344)
   defining Unicode char U+0159 (decimal 345)
   defining Unicode char U+015A (decimal 346)
   defining Unicode char U+015B (decimal 347)
   defining Unicode char U+015E (decimal 350)
   defining Unicode char U+015F (decimal 351)
   defining Unicode char U+0160 (decimal 352)
   defining Unicode char U+0161 (decimal 353)
   defining Unicode char U+0162 (decimal 354)
   defining Unicode char U+0163 (decimal 355)
   defining Unicode char U+0164 (decimal 356)
   defining Unicode char U+0165 (decimal 357)
   defining Unicode char U+016E (decimal 366)
   defining Unicode char U+016F (decimal 367)
   defining Unicode char U+0170 (decimal 368)
   defining Unicode char U+0171 (decimal 369)
   defining Unicode char U+0178 (decimal 376)
   defining Unicode char U+0179 (decimal 377)
   defining Unicode char U+017A (decimal 378)
   defining Unicode char U+017B (decimal 379)
   defining Unicode char U+017C (decimal 380)
   defining Unicode char U+017D (decimal 381)
   defining Unicode char U+017E (decimal 382)
   defining Unicode char U+200C (decimal 8204)
   defining Unicode char U+2013 (decimal 8211)
   defining Unicode char U+2014 (decimal 8212)
   defining Unicode char U+2018 (decimal 8216)
   defining Unicode char U+2019 (decimal 8217)
   defining Unicode char U+201A (decimal 8218)
   defining Unicode char U+201C (decimal 8220)
   defining Unicode char U+201D (decimal 8221)
   defining Unicode char U+201E (decimal 8222)
   defining Unicode char U+2030 (decimal 8240)
   defining Unicode char U+2031 (decimal 8241)
   defining Unicode char U+2039 (decimal 8249)
   defining Unicode char U+203A (decimal 8250)
   defining Unicode char U+2423 (decimal 9251)
)
Now handling font encoding OT1 ...
... processing UTF-8 mapping file for font encoding OT1

(/usr/share/texlive/texmf-dist/tex/latex/base/ot1enc.dfu
File: ot1enc.dfu 2008/04/05 v1.1m UTF-8 support for inputenc
   defining Unicode char U+00A1 (decimal 161)
   defining Unicode char U+00A3 (decimal 163)
   defining Unicode char U+00B8 (decimal 184)
   defining Unicode char U+00BF (decimal 191)
   defining Unicode char U+00C5 (decimal 197)
   defining Unicode char U+00C6 (decimal 198)
   defining Unicode char U+00D8 (decimal 216)
   defining Unicode char U+00DF (decimal 223)
   defining Unicode char U+00E6 (decimal 230)
   defining Unicode char U+00EC (decimal 236)
   defining Unicode char U+00ED (decimal 237)
   defining Unicode char U+00EE (decimal 238)
   defining Unicode char U+00EF (decimal 239)
   defining Unicode char U+00F8 (decimal 248)
   defining Unicode char U+0131 (decimal 305)
   defining Unicode char U+0141 (decimal 321)
   defining Unicode char U+0142 (decimal 322)
   defining Unicode char U+0152 (decimal 338)
   defining Unicode char U+0153 (decimal 339)
   defining Unicode char U+2013 (decimal 8211)
   defining Unicode char U+2014 (decimal 8212)
   defining Unicode char U+2018 (decimal 8216)
   defining Unicode char U+2019 (decimal 8217)
   defining Unicode char U+201C (decimal 8220)
   defining Unicode char U+201D (decimal 8221)
)
Now handling font encoding OMS ...
... processing UTF-8 mapping file for font encoding OMS

(/usr/share/texlive/texmf-dist/tex/latex/base/omsenc.dfu
File: omsenc.dfu 2008/04/05 v1.1m UTF-8 support for inputenc
   defining Unicode char U+00A7 (decimal 167)
   defining Unicode char U+00B6 (decimal 182)
   defining Unicode char U+00B7 (decimal 183)
   defining Unicode char U+2020 (decimal 8224)
   defining Unicode char U+2021 (decimal 8225)
   defining Unicode char U+2022 (decimal 8226)
)
Now handling font encoding OMX ...
... no UTF-8 mapping file for font encoding OMX
Now handling font encoding U ...
... no UTF-8 mapping file for font encoding U
   defining Unicode char U+00A9 (decimal 169)
   defining Unicode char U+00AA (decimal 170)
   defining Unicode char U+00AE (decimal 174)
   defining Unicode char U+00BA (decimal 186)
   defining Unicode char U+02C6 (decimal 710)
   defining Unicode char U+02DC (decimal 732)
   defining Unicode char U+200C (decimal 8204)
   defining Unicode char U+2026 (decimal 8230)
   defining Unicode char U+2122 (decimal 8482)
   defining Unicode char U+2423 (decimal 9251)
))
(/usr/share/texlive/texmf-dist/tex/latex/graphics/graphicx.sty
Package: graphicx 1999/02/16 v1.0f Enhanced LaTeX Graphics (DPC,SPQR)

(/usr/share/texlive/texmf-dist/tex/latex/graphics/keyval.sty
Package: keyval 1999/03/16 v1.13 key=value parser (DPC)
\KV@toks@=\toks16
)
(/usr/share/texlive/texmf-dist/tex/latex/graphics/graphics.sty
Package: graphics 2009/02/05 v1.0o Standard LaTeX Graphics (DPC,SPQR)

(/usr/share/texlive/texmf-dist/tex/latex/graphics/trig.sty
Package: trig 1999/03/16 v1.09 sin cos tan (DPC)
)
(/usr/share/texlive/texmf-dist/tex/latex/latexconfig/graphics.cfg
File: graphics.cfg 2010/04/23 v1.9 graphics configuration of TeX Live
)
Package graphics Info: Driver file: pdftex.def on input line 91.

(/usr/share/texlive/texmf-dist/tex/latex/pdftex-def/pdftex.def
File: pdftex.def 2011/05/27 v0.06d Graphics/color for pdfTeX

(/usr/share/texlive/texmf-dist/tex/generic/oberdiek/infwarerr.sty
Package: infwarerr 2010/04/08 v1.3 Providing info/warning/error messages (HO)
)
(/usr/share/texlive/texmf-dist/tex/generic/oberdiek/ltxcmds.sty
Package: ltxcmds 2011/11/09 v1.22 LaTeX kernel commands for general use (HO)
)
\Gread@gobject=\count88
))
\Gin@req@height=\dimen103
\Gin@req@width=\dimen104
)
(/usr/share/texlive/texmf-dist/tex/latex/geometry/geometry.sty
Package: geometry 2010/09/12 v5.6 Page Geometry

(/usr/share/texlive/texmf-dist/tex/generic/oberdiek/ifpdf.sty
Package: ifpdf 2011/01/30 v2.3 Provides the ifpdf switch (HO)
Package ifpdf Info: pdfTeX in PDF mode is detected.
)
(/usr/share/texlive/texmf-dist/tex/generic/oberdiek/ifvtex.sty
Package: ifvtex 2010/03/01 v1.5 Detect VTeX and its facilities (HO)
Package ifvtex Info: VTeX not detected.
)
(/usr/share/texlive/texmf-dist/tex/generic/ifxetex/ifxetex.sty
Package: ifxetex 2010/09/12 v0.6 Provides ifxetex conditional
)
\Gm@cnth=\count89
\Gm@cntv=\count90
\c@Gm@tempcnt=\count91
\Gm@bindingoffset=\dimen105
\Gm@wd@mp=\dimen106
\Gm@odd@mp=\dimen107
\Gm@even@mp=\dimen108
\Gm@layoutwidth=\dimen109
\Gm@layoutheight=\dimen110
\Gm@layouthoffset=\dimen111
\Gm@layoutvoffset=\dimen112
\Gm@dimlist=\toks17
)
(/usr/share/texlive/texmf-dist/tex/latex/amsfonts/amsfonts.sty
Package: amsfonts 2013/01/14 v3.01 Basic AMSFonts support
\@emptytoks=\toks18
\symAMSa=\mathgroup4
\symAMSb=\mathgroup5
LaTeX Font Info:    Overwriting math alphabet `\mathfrak' in version `bold'
(Font)                  U/euf/m/n --> U/euf/b/n on input line 106.
)
(/usr/share/texlive/texmf-dist/tex/latex/tools/array.sty
Package: array 2008/09/09 v2.4c Tabular extension package (FMi)
\col@sep=\dimen113
\extrarowheight=\dimen114
\NC@list=\toks19
\extratabsurround=\skip43
\backup@length=\skip44
)
(/usr/share/texlive/texmf-dist/tex/latex/tools/indentfirst.sty
Package: indentfirst 1995/11/23 v1.03 Indent first paragraph (DPC)
)
(/usr/share/texlive/texmf-dist/tex/latex/lipsum/lipsum.sty
Package: lipsum 2011/04/14 v1.2 150 paragraphs of Lorem Ipsum dummy text
\c@lips@count=\count92
)
(/usr/share/texlive/texmf-dist/tex/latex/tools/verbatim.sty
Package: verbatim 2003/08/22 v1.5q LaTeX2e package for verbatim enhancements
\every@verbatim=\toks20
\verbatim@line=\toks21
\verbatim@in@stream=\read1
)
(/usr/share/texlive/texmf-dist/tex/latex/titlepic/titlepic.sty
Package: titlepic 2009/08/03 1.1 Package to display a picture on the title page

)
(/usr/share/texlive/texmf-dist/tex/latex/amsmath/amsmath.sty
Package: amsmath 2013/01/14 v2.14 AMS math features
\@mathmargin=\skip45

For additional information on amsmath, use the `?' option.
(/usr/share/texlive/texmf-dist/tex/latex/amsmath/amstext.sty
Package: amstext 2000/06/29 v2.01

(/usr/share/texlive/texmf-dist/tex/latex/amsmath/amsgen.sty
File: amsgen.sty 1999/11/30 v2.0
\@emptytoks=\toks22
\ex@=\dimen115
))
(/usr/share/texlive/texmf-dist/tex/latex/amsmath/amsbsy.sty
Package: amsbsy 1999/11/29 v1.2d
\pmbraise@=\dimen116
)
(/usr/share/texlive/texmf-dist/tex/latex/amsmath/amsopn.sty
Package: amsopn 1999/12/14 v2.01 operator names
)
\inf@bad=\count93
LaTeX Info: Redefining \frac on input line 210.
\uproot@=\count94
\leftroot@=\count95
LaTeX Info: Redefining \overline on input line 306.
\classnum@=\count96
\DOTSCASE@=\count97
LaTeX Info: Redefining \ldots on input line 378.
LaTeX Info: Redefining \dots on input line 381.
LaTeX Info: Redefining \cdots on input line 466.
\Mathstrutbox@=\box26
\strutbox@=\box27
\big@size=\dimen117
LaTeX Font Info:    Redeclaring font encoding OML on input line 566.
LaTeX Font Info:    Redeclaring font encoding OMS on input line 567.
\macc@depth=\count98
\c@MaxMatrixCols=\count99
\dotsspace@=\muskip10
\c@parentequation=\count100
\dspbrk@lvl=\count101
\tag@help=\toks23
\row@=\count102
\column@=\count103
\maxfields@=\count104
\andhelp@=\toks24
\eqnshift@=\dimen118
\alignsep@=\dimen119
\tagshift@=\dimen120
\tagwidth@=\dimen121
\totwidth@=\dimen122
\lineht@=\dimen123
\@envbody=\toks25
\multlinegap=\skip46
\multlinetaggap=\skip47
\mathdisplay@stack=\toks26
LaTeX Info: Redefining \[ on input line 2665.
LaTeX Info: Redefining \] on input line 2666.
) (./main.aux)
\openout1 = `main.aux'.

LaTeX Font Info:    Checking defaults for OML/cmm/m/it on input line 15.
LaTeX Font Info:    ... okay on input line 15.
LaTeX Font Info:    Checking defaults for T1/cmr/m/n on input line 15.
LaTeX Font Info:    ... okay on input line 15.
LaTeX Font Info:    Checking defaults for OT1/cmr/m/n on input line 15.
LaTeX Font Info:    ... okay on input line 15.
LaTeX Font Info:    Checking defaults for OMS/cmsy/m/n on input line 15.
LaTeX Font Info:    ... okay on input line 15.
LaTeX Font Info:    Checking defaults for OMX/cmex/m/n on input line 15.
LaTeX Font Info:    ... okay on input line 15.
LaTeX Font Info:    Checking defaults for U/cmr/m/n on input line 15.
LaTeX Font Info:    ... okay on input line 15.

(/usr/share/texlive/texmf-dist/tex/context/base/supp-pdf.mkii
[Loading MPS to PDF converter (version 2006.09.02).]
\scratchcounter=\count105
\scratchdimen=\dimen124
\scratchbox=\box28
\nofMPsegments=\count106
\nofMParguments=\count107
\everyMPshowfont=\toks27
\MPscratchCnt=\count108
\MPscratchDim=\dimen125
\MPnumerator=\count109
\makeMPintoPDFobject=\count110
\everyMPtoPDFconversion=\toks28
) (/usr/share/texlive/texmf-dist/tex/generic/oberdiek/pdftexcmds.sty
Package: pdftexcmds 2011/11/29 v0.20 Utility functions of pdfTeX for LuaTeX (HO
)

(/usr/share/texlive/texmf-dist/tex/generic/oberdiek/ifluatex.sty
Package: ifluatex 2010/03/01 v1.3 Provides the ifluatex switch (HO)
Package ifluatex Info: LuaTeX not detected.
)
Package pdftexcmds Info: LuaTeX not detected.
Package pdftexcmds Info: \pdf@primitive is available.
Package pdftexcmds Info: \pdf@ifprimitive is available.
Package pdftexcmds Info: \pdfdraftmode found.
)
(/usr/share/texlive/texmf-dist/tex/latex/oberdiek/epstopdf-base.sty
Package: epstopdf-base 2010/02/09 v2.5 Base part for package epstopdf

(/usr/share/texlive/texmf-dist/tex/latex/oberdiek/grfext.sty
Package: grfext 2010/08/19 v1.1 Manage graphics extensions (HO)

(/usr/share/texlive/texmf-dist/tex/generic/oberdiek/kvdefinekeys.sty
Package: kvdefinekeys 2011/04/07 v1.3 Define keys (HO)
))
(/usr/share/texlive/texmf-dist/tex/latex/oberdiek/kvoptions.sty
Package: kvoptions 2011/06/30 v3.11 Key value format for package options (HO)

(/usr/share/texlive/texmf-dist/tex/generic/oberdiek/kvsetkeys.sty
Package: kvsetkeys 2012/04/25 v1.16 Key value parser (HO)

(/usr/share/texlive/texmf-dist/tex/generic/oberdiek/etexcmds.sty
Package: etexcmds 2011/02/16 v1.5 Avoid name clashes with e-TeX commands (HO)
Package etexcmds Info: Could not find \expanded.
(etexcmds)             That can mean that you are not using pdfTeX 1.50 or
(etexcmds)             that some package has redefined \expanded.
(etexcmds)             In the latter case, load this package earlier.
)))
Package grfext Info: Graphics extension search list:
(grfext)             [.png,.pdf,.jpg,.mps,.jpeg,.jbig2,.jb2,.PNG,.PDF,.JPG,.JPE
G,.JBIG2,.JB2,.eps]
(grfext)             \AppendGraphicsExtensions on input line 452.

(/usr/share/texlive/texmf-dist/tex/latex/latexconfig/epstopdf-sys.cfg
File: epstopdf-sys.cfg 2010/07/13 v1.3 Configuration of (r)epstopdf for TeX Liv
e
))
*geometry* driver: auto-detecting
*geometry* detected driver: pdftex
*geometry* verbose mode - [ preamble ] result:
* driver: pdftex
* paper: custom
* layout: <same size as paper>
* layoutoffset:(h,v)=(0.0pt,0.0pt)
* modes: 
* h-part:(L,W,R)=(113.81102pt, 412.51306pt, 71.13188pt)
* v-part:(T,H,B)=(56.9055pt, 674.2644pt, 113.81102pt)
* \paperwidth=597.45596pt
* \paperheight=844.98093pt
* \textwidth=412.51306pt
* \textheight=674.2644pt
* \oddsidemargin=41.54103pt
* \evensidemargin=41.54103pt
* \topmargin=-52.36449pt
* \headheight=12.0pt
* \headsep=25.0pt
* \topskip=12.0pt
* \footskip=30.0pt
* \marginparwidth=44.0pt
* \marginparsep=10.0pt
* \columnsep=10.0pt
* \skip\footins=10.8pt plus 4.0pt minus 2.0pt
* \hoffset=0.0pt
* \voffset=0.0pt
* \mag=1000
* \@twocolumnfalse
* \@twosidefalse
* \@mparswitchfalse
* \@reversemarginfalse
* (1in=72.27pt=25.4mm, 1cm=28.453pt)

LaTeX Font Info:    Try loading font information for U+msa on input line 29.
(/usr/share/texlive/texmf-dist/tex/latex/amsfonts/umsa.fd
File: umsa.fd 2013/01/14 v3.01 AMS symbols A
)
LaTeX Font Info:    Try loading font information for U+msb on input line 29.

(/usr/share/texlive/texmf-dist/tex/latex/amsfonts/umsb.fd
File: umsb.fd 2013/01/14 v3.01 AMS symbols B
) [1

{/var/lib/texmf/fonts/map/pdftex/updmap/pdftex.map}] (./main.lof [1

])
\tf@lof=\write3
\openout3 = `main.lof'.

 [2] (./main.toc)
\tf@toc=\write4
\openout4 = `main.toc'.

 [3

]
Chapter 1.
<images/levoy_lf.jpg, id=19, 195.73125pt x 182.6825pt>
File: images/levoy_lf.jpg Graphic file (type jpg)

<use images/levoy_lf.jpg>
Package pdftex.def Info: images/levoy_lf.jpg used on input line 42.
(pdftex.def)             Requested size: 195.73076pt x 182.68204pt.
 [4

 <./images/levoy_lf.jpg>]
<images/seethrough_occluder.png, id=23, 352.31625pt x 265.99374pt>
File: images/seethrough_occluder.png Graphic file (type png)

<use images/seethrough_occluder.png>
Package pdftex.def Info: images/seethrough_occluder.png used on input line 55.
(pdftex.def)             Requested size: 193.77454pt x 146.297pt.

Overfull \hbox (8.14493pt too wide) in paragraph at lines 55--56
 [][] 
 []

<images/seethrough_occluder2.png, id=25, 352.31625pt x 265.99374pt>
File: images/seethrough_occluder2.png Graphic file (type png)

<use images/seethrough_occluder2.png>
Package pdftex.def Info: images/seethrough_occluder2.png used on input line 61.

(pdftex.def)             Requested size: 193.77454pt x 146.297pt.

Overfull \hbox (8.14493pt too wide) in paragraph at lines 61--62
 [][] 
 []

[5 <./images/seethrough_occluder.png> <./images/seethrough_occluder2.png>]
[6]
Chapter 2.
<images/plenoptic_image.png, id=36, 337.26pt x 237.13594pt>
File: images/plenoptic_image.png Graphic file (type png)

<use images/plenoptic_image.png>
Package pdftex.def Info: images/plenoptic_image.png used on input line 77.
(pdftex.def)             Requested size: 252.94437pt x 177.8515pt.

Overfull \hbox (0.79477pt too wide) in paragraph at lines 83--83
[]\OT1/cmr/bx/n/17.28 Early Re-search and Deriva-tion from Plenop-
 []

[7

 <./images/plenoptic_image.png>] [8]
<images/Light-field-parameterizations.png, id=44, 513.117pt x 84.5559pt>
File: images/Light-field-parameterizations.png Graphic file (type png)

<use images/Light-field-parameterizations.png>
Package pdftex.def Info: images/Light-field-parameterizations.png used on input
 line 109.
(pdftex.def)             Requested size: 384.8368pt x 63.41675pt.
 [9 <./images/Light-field-parameterizations.png>] [10]
<images/stanford_camera_array.png, id=51, 200.75pt x 150.5625pt>
File: images/stanford_camera_array.png Graphic file (type png)

<use images/stanford_camera_array.png>
Package pdftex.def Info: images/stanford_camera_array.png used on input line 15
5.
(pdftex.def)             Requested size: 180.67331pt x 135.50497pt.

<images/lego_gantry.jpg, id=52, 213.79875pt x 342.27875pt>
File: images/lego_gantry.jpg Graphic file (type jpg)

<use images/lego_gantry.jpg>
Package pdftex.def Info: images/lego_gantry.jpg used on input line 161.
(pdftex.def)             Requested size: 106.89911pt x 171.13895pt.

Underfull \hbox (badness 6047) in paragraph at lines 162--162
[]\OT1/cmr/m/n/12 Figure 2.4: An-other col-lec-tion
 []

[11] [12 <./images/stanford_camera_array.png (PNG copy)> <./images/lego_gantry.
jpg>] <images/lytro_immerge.jpg, id=60, 2509.375pt x 1492.57625pt>
File: images/lytro_immerge.jpg Graphic file (type jpg)

<use images/lytro_immerge.jpg>
Package pdftex.def Info: images/lytro_immerge.jpg used on input line 187.
(pdftex.def)             Requested size: 200.7541pt x 119.40854pt.

Overfull \hbox (15.1245pt too wide) in paragraph at lines 187--188
 [][] 
 []

<images/jump_vr_video_cameras.jpg, id=61, 1606.0pt x 903.375pt>
File: images/jump_vr_video_cameras.jpg Graphic file (type jpg)

<use images/jump_vr_video_cameras.jpg>
Package pdftex.def Info: images/jump_vr_video_cameras.jpg used on input line 19
3.
(pdftex.def)             Requested size: 192.71169pt x 108.40031pt.

Overfull \hbox (7.08208pt too wide) in paragraph at lines 193--194
 [][] 
 []

[13 <./images/lytro_immerge.jpg> <./images/jump_vr_video_cameras.jpg>]
<images/ng_typical.png, id=65, 541.02126pt x 406.51875pt>
File: images/ng_typical.png Graphic file (type png)

<use images/ng_typical.png>
Package pdftex.def Info: images/ng_typical.png used on input line 210.
(pdftex.def)             Requested size: 216.40466pt x 162.60461pt.

Overfull \hbox (30.77505pt too wide) in paragraph at lines 210--211
 [][] 
 []

<images/ng_plenoptic.png, id=66, 289.08pt x 484.81125pt>
File: images/ng_plenoptic.png Graphic file (type png)

<use images/ng_plenoptic.png>
Package pdftex.def Info: images/ng_plenoptic.png used on input line 216.
(pdftex.def)             Requested size: 92.50748pt x 155.14276pt.
 [14 <./images/ng_typical.png> <./images/ng_plenoptic.png>] <images/synthetic_i
mage_creation.png, id=72, 554.07pt x 189.70876pt>
File: images/synthetic_image_creation.png Graphic file (type png)

<use images/synthetic_image_creation.png>
Package pdftex.def Info: images/synthetic_image_creation.png used on input line
 234.
(pdftex.def)             Requested size: 415.55148pt x 142.2812pt.

Overfull \hbox (3.03842pt too wide) in paragraph at lines 234--235
 [][] 
 []

<images/reference_geometry.png, id=73, 548.0475pt x 202.7575pt>
File: images/reference_geometry.png Graphic file (type png)

<use images/reference_geometry.png>
Package pdftex.def Info: images/reference_geometry.png used on input line 240.
(pdftex.def)             Requested size: 411.0346pt x 152.06775pt.
 [15 <./images/synthetic_image_creation.png>]
Overfull \hbox (6.68674pt too wide) detected at line 259
\OML/cmm/m/it/12 E\OT1/cmr/m/n/12 (\OML/cmm/m/it/12 s[]; t[]\OT1/cmr/m/n/12 ) =
 [] [] \OML/cmm/m/it/12 L []\OT1/cmr/m/n/12 )\OML/cmm/m/it/12 A\OT1/cmr/m/n/12 
(\OML/cmm/m/it/12 u[]; v[]\OT1/cmr/m/n/12 )\OML/cmm/m/it/12 dudv
 []

[16 <./images/reference_geometry.png>] [17]
Chapter 3.
<images/bax_and_ptam_var.png, id=88, 803.0pt x 602.25pt>
File: images/bax_and_ptam_var.png Graphic file (type png)

<use images/bax_and_ptam_var.png>
Package pdftex.def Info: images/bax_and_ptam_var.png used on input line 277.
(pdftex.def)             Requested size: 441.65137pt x 331.23851pt.

Overfull \hbox (29.1383pt too wide) in paragraph at lines 277--278
 [][] 
 []

[18

] <images/bax_and_ptam_std_dev.png, id=93, 803.0pt x 602.25pt>
File: images/bax_and_ptam_std_dev.png Graphic file (type png)

<use images/bax_and_ptam_std_dev.png>
Package pdftex.def Info: images/bax_and_ptam_std_dev.png used on input line 284
.
(pdftex.def)             Requested size: 441.65137pt x 331.23851pt.

Overfull \hbox (29.1383pt too wide) in paragraph at lines 284--285
 [][] 
 []

<images/experiment_image.png, id=94, 641.39626pt x 431.6125pt>
File: images/experiment_image.png Graphic file (type png)

<use images/experiment_image.png>
Package pdftex.def Info: images/experiment_image.png used on input line 290.
(pdftex.def)             Requested size: 352.76903pt x 237.3876pt.
 [19 <./images/bax_and_ptam_var.png>] [20 <./images/bax_and_ptam_std_dev.png>]
<images/mosaic.jpg, id=103, 9124.0875pt x 2047.65pt>
File: images/mosaic.jpg Graphic file (type jpg)
 <use images/mosaic.jpg>
Package pdftex.def Info: images/mosaic.jpg used on input line 308.
(pdftex.def)             Requested size: 410.56622pt x 92.14027pt.

<images/raytrix_raw.png, id=104, 2055.68pt x 2055.68pt>
File: images/raytrix_raw.png Graphic file (type png)

<use images/raytrix_raw.png>
Package pdftex.def Info: images/raytrix_raw.png used on input line 316.
(pdftex.def)             Requested size: 411.12872pt x 411.12872pt.
 [21 <./images/experiment_image.png>] [22 <./images/mosaic.jpg> <./images/raytr
ix_raw.png (PNG copy)>]
<images/mobile_focus.png, id=112, 533.995pt x 320.19624pt>
File: images/mobile_focus.png Graphic file (type png)

<use images/mobile_focus.png>
Package pdftex.def Info: images/mobile_focus.png used on input line 326.
(pdftex.def)             Requested size: 373.79395pt x 224.13583pt.

<images/nau_lf.png, id=113, 667.49374pt x 566.115pt>
File: images/nau_lf.png Graphic file (type png)
 <use images/nau_lf.png>
Package pdftex.def Info: images/nau_lf.png used on input line 334.
(pdftex.def)             Requested size: 266.99277pt x 226.44199pt.

<images/nau_occluding.png, id=114, 639.38875pt x 406.51875pt>
File: images/nau_occluding.png Graphic file (type png)

<use images/nau_occluding.png>
Package pdftex.def Info: images/nau_occluding.png used on input line 342.
(pdftex.def)             Requested size: 191.8181pt x 121.95656pt.

Overfull \hbox (6.18849pt too wide) in paragraph at lines 342--343
 [][] 
 []

<images/seethrough_nau.png, id=115, 622.325pt x 398.48875pt>
File: images/seethrough_nau.png Graphic file (type png)

<use images/seethrough_nau.png>
Package pdftex.def Info: images/seethrough_nau.png used on input line 348.
(pdftex.def)             Requested size: 186.69893pt x 119.54755pt.

Overfull \hbox (1.06932pt too wide) in paragraph at lines 348--349
 [][] 
 []


Underfull \hbox (badness 6047) in paragraph at lines 349--349
[]\OT1/cmr/m/n/12 Figure 3.9: An-other col-lec-tion
 []

[23 <./images/mobile_focus.png>] [24 <./images/nau_lf.png> <./images/nau_occlud
ing.png> <./images/seethrough_nau.png>] [25]
Chapter 4.
[26

] <images/pr2_image.jpg, id=129, 3758.04pt x 5637.06pt>
File: images/pr2_image.jpg Graphic file (type jpg)

<use images/pr2_image.jpg>
Package pdftex.def Info: images/pr2_image.jpg used on input line 368.
(pdftex.def)             Requested size: 300.64934pt x 450.97401pt.

<images/ardrone_image.png, id=130, 602.25pt x 322.95656pt>
File: images/ardrone_image.png Graphic file (type png)

<use images/ardrone_image.png>
Package pdftex.def Info: images/ardrone_image.png used on input line 375.
(pdftex.def)             Requested size: 240.89572pt x 129.18033pt.
 [27 <./images/pr2_image.jpg>] [28 <./images/ardrone_image.png>] [29] [30

] [31] [32] (./main.aux) ) 
Here is how much of TeX's memory you used:
 3340 strings out of 494985
 46176 string characters out of 6180356
 200385 words of memory out of 5000000
 6462 multiletter control sequences out of 15000+600000
 13049 words of font info for 50 fonts, out of 8000000 for 9000
 36 hyphenation exceptions out of 8191
 38i,9n,24p,1405b,286s stack positions out of 5000i,500n,10000p,200000b,80000s
</usr/share/texlive/texmf-dist/fonts/type1/public/ams
fonts/cm/cmbx12.pfb></usr/share/texlive/texmf-dist/fonts/type1/public/amsfonts/
cm/cmex10.pfb></usr/share/texlive/texmf-dist/fonts/type1/public/amsfonts/cm/cmm
i12.pfb></usr/share/texlive/texmf-dist/fonts/type1/public/amsfonts/cm/cmmi8.pfb
></usr/share/texlive/texmf-dist/fonts/type1/public/amsfonts/cm/cmr12.pfb></usr/
share/texlive/texmf-dist/fonts/type1/public/amsfonts/cm/cmr17.pfb></usr/share/t
exlive/texmf-dist/fonts/type1/public/amsfonts/cm/cmr6.pfb></usr/share/texlive/t
exmf-dist/fonts/type1/public/amsfonts/cm/cmr8.pfb></usr/share/texlive/texmf-dis
t/fonts/type1/public/amsfonts/cm/cmsy10.pfb></usr/share/texlive/texmf-dist/font
s/type1/public/amsfonts/cm/cmsy8.pfb></usr/share/texlive/texmf-dist/fonts/type1
/public/amsfonts/cm/cmti12.pfb>
Output written on main.pdf (33 pages, 16785623 bytes).
PDF statistics:
 188 PDF objects out of 1000 (max. 8388607)
 108 compressed objects within 2 object streams
 0 named destinations out of 1000 (max. 500000)
 121 words of extra memory for PDF output out of 10000 (max. 10000000)

