This is pdfTeX, Version 3.14159265-2.6-1.40.16 (TeX Live 2015/Debian) (preloaded format=pdflatex 2018.12.5)  5 DEC 2018 23:08
entering extended mode
 restricted \write18 enabled.
 %&-line parsing enabled.
**iccp19_template.tex
(./iccp19_template.tex
LaTeX2e <2016/02/01>
Babel <3.9q> and hyphenation patterns for 3 language(s) loaded.
(./IEEEtran.cls
Document Class: IEEEtran 2015/08/26 V1.8b by Michael Shell
-- See the "IEEEtran_HOWTO" manual for usage information.
-- http://www.michaelshell.org/tex/ieeetran/
\@IEEEtrantmpdimenA=\dimen102
\@IEEEtrantmpdimenB=\dimen103
\@IEEEtrantmpdimenC=\dimen104
\@IEEEtrantmpcountA=\count79
\@IEEEtrantmpcountB=\count80
\@IEEEtrantmpcountC=\count81
\@IEEEtrantmptoksA=\toks14
LaTeX Font Info:    Try loading font information for OT1+ptm on input line 503.

(/usr/share/texlive/texmf-dist/tex/latex/psnfss/ot1ptm.fd
File: ot1ptm.fd 2001/06/04 font definitions for OT1/ptm.
)
! Font OT1/ptm/m/n/10=ptmr7t at 10.0pt not loadable: Metric (TFM) file not foun
d.
<to be read again> 
                   relax 
l.503 \normalfont
                 \selectfont
I wasn't able to read the size data for this font,
so I will ignore the font specification.
[Wizards can fix TFM files using TFtoPL/PLtoTF.]
You might try inserting a different font spec;
e.g., type `I\font<same font id>=<substitute font name>'.

-- Using 8.5in x 11in (letter) paper.
-- Using PDF output.
\@IEEEnormalsizeunitybaselineskip=\dimen105
-- This is a 10 point document.
! Font OT1/ptm/m/n/9=ptmr7t at 9.0pt not loadable: Metric (TFM) file not found.
<to be read again> 
                   relax 
l.963 \small
            \normalsize % make \baselinestretch take affect
I wasn't able to read the size data for this font,
so I will ignore the font specification.
[Wizards can fix TFM files using TFtoPL/PLtoTF.]
You might try inserting a different font spec;
e.g., type `I\font<same font id>=<substitute font name>'.

\CLASSINFOnormalsizebaselineskip=\dimen106
\CLASSINFOnormalsizeunitybaselineskip=\dimen107
\IEEEnormaljot=\dimen108
! Font OT1/ptm/m/n/5=ptmr7t at 5.0pt not loadable: Metric (TFM) file not found.
<to be read again> 
                   relax 
l.1090 \@IEEEtunefonts
                      
I wasn't able to read the size data for this font,
so I will ignore the font specification.
[Wizards can fix TFM files using TFtoPL/PLtoTF.]
You might try inserting a different font spec;
e.g., type `I\font<same font id>=<substitute font name>'.

LaTeX Font Info:    Font shape `OT1/ptm/bx/n' in size <5> not available
(Font)              Font shape `OT1/ptm/b/n' tried instead on input line 1090.
! Font OT1/ptm/bx/n/5=ptmb7t at 5.0pt not loadable: Metric (TFM) file not found
.
<to be read again> 
                   relax 
l.1090 \@IEEEtunefonts
                      
I wasn't able to read the size data for this font,
so I will ignore the font specification.
[Wizards can fix TFM files using TFtoPL/PLtoTF.]
You might try inserting a different font spec;
e.g., type `I\font<same font id>=<substitute font name>'.

! Font \OT1/ptm/b/n/5=nullfont not loadable: Metric (TFM) file not found.
<to be read again> 
                   \relax 
l.1090 \@IEEEtunefonts
                      
I wasn't able to read the size data for this font,
so I will ignore the font specification.
[Wizards can fix TFM files using TFtoPL/PLtoTF.]
You might try inserting a different font spec;
e.g., type `I\font<same font id>=<substitute font name>'.

! Font OT1/ptm/m/it/5=ptmri7t at 5.0pt not loadable: Metric (TFM) file not foun
d.
<to be read again> 
                   relax 
l.1090 \@IEEEtunefonts
                      
I wasn't able to read the size data for this font,
so I will ignore the font specification.
[Wizards can fix TFM files using TFtoPL/PLtoTF.]
You might try inserting a different font spec;
e.g., type `I\font<same font id>=<substitute font name>'.

LaTeX Font Info:    Font shape `OT1/ptm/bx/it' in size <5> not available
(Font)              Font shape `OT1/ptm/b/it' tried instead on input line 1090.

! Font OT1/ptm/bx/it/5=ptmbi7t at 5.0pt not loadable: Metric (TFM) file not fou
nd.
<to be read again> 
                   relax 
l.1090 \@IEEEtunefonts
                      
I wasn't able to read the size data for this font,
so I will ignore the font specification.
[Wizards can fix TFM files using TFtoPL/PLtoTF.]
You might try inserting a different font spec;
e.g., type `I\font<same font id>=<substitute font name>'.

! Font \OT1/ptm/b/it/5=nullfont not loadable: Metric (TFM) file not found.
<to be read again> 
                   \relax 
l.1090 \@IEEEtunefonts
                      
I wasn't able to read the size data for this font,
so I will ignore the font specification.
[Wizards can fix TFM files using TFtoPL/PLtoTF.]
You might try inserting a different font spec;
e.g., type `I\font<same font id>=<substitute font name>'.

! Font OT1/ptm/m/n/7=ptmr7t at 7.0pt not loadable: Metric (TFM) file not found.
<to be read again> 
                   relax 
l.1090 \@IEEEtunefonts
                      
I wasn't able to read the size data for this font,
so I will ignore the font specification.
[Wizards can fix TFM files using TFtoPL/PLtoTF.]
You might try inserting a different font spec;
e.g., type `I\font<same font id>=<substitute font name>'.

LaTeX Font Info:    Font shape `OT1/ptm/bx/n' in size <7> not available
(Font)              Font shape `OT1/ptm/b/n' tried instead on input line 1090.
! Font OT1/ptm/bx/n/7=ptmb7t at 7.0pt not loadable: Metric (TFM) file not found
.
<to be read again> 
                   relax 
l.1090 \@IEEEtunefonts
                      
I wasn't able to read the size data for this font,
so I will ignore the font specification.
[Wizards can fix TFM files using TFtoPL/PLtoTF.]
You might try inserting a different font spec;
e.g., type `I\font<same font id>=<substitute font name>'.

! Font \OT1/ptm/b/n/7=nullfont not loadable: Metric (TFM) file not found.
<to be read again> 
                   \relax 
l.1090 \@IEEEtunefonts
                      
I wasn't able to read the size data for this font,
so I will ignore the font specification.
[Wizards can fix TFM files using TFtoPL/PLtoTF.]
You might try inserting a different font spec;
e.g., type `I\font<same font id>=<substitute font name>'.

! Font OT1/ptm/m/it/7=ptmri7t at 7.0pt not loadable: Metric (TFM) file not foun
d.
<to be read again> 
                   relax 
l.1090 \@IEEEtunefonts
                      
I wasn't able to read the size data for this font,
so I will ignore the font specification.
[Wizards can fix TFM files using TFtoPL/PLtoTF.]
You might try inserting a different font spec;
e.g., type `I\font<same font id>=<substitute font name>'.

LaTeX Font Info:    Font shape `OT1/ptm/bx/it' in size <7> not available
(Font)              Font shape `OT1/ptm/b/it' tried instead on input line 1090.

! Font OT1/ptm/bx/it/7=ptmbi7t at 7.0pt not loadable: Metric (TFM) file not fou
nd.
<to be read again> 
                   relax 
l.1090 \@IEEEtunefonts
                      
I wasn't able to read the size data for this font,
so I will ignore the font specification.
[Wizards can fix TFM files using TFtoPL/PLtoTF.]
You might try inserting a different font spec;
e.g., type `I\font<same font id>=<substitute font name>'.

! Font \OT1/ptm/b/it/7=nullfont not loadable: Metric (TFM) file not found.
<to be read again> 
                   \relax 
l.1090 \@IEEEtunefonts
                      
I wasn't able to read the size data for this font,
so I will ignore the font specification.
[Wizards can fix TFM files using TFtoPL/PLtoTF.]
You might try inserting a different font spec;
e.g., type `I\font<same font id>=<substitute font name>'.

! Font OT1/ptm/m/n/8=ptmr7t at 8.0pt not loadable: Metric (TFM) file not found.
<to be read again> 
                   relax 
l.1090 \@IEEEtunefonts
                      
I wasn't able to read the size data for this font,
so I will ignore the font specification.
[Wizards can fix TFM files using TFtoPL/PLtoTF.]
You might try inserting a different font spec;
e.g., type `I\font<same font id>=<substitute font name>'.

LaTeX Font Info:    Font shape `OT1/ptm/bx/n' in size <8> not available
(Font)              Font shape `OT1/ptm/b/n' tried instead on input line 1090.
! Font OT1/ptm/bx/n/8=ptmb7t at 8.0pt not loadable: Metric (TFM) file not found
.
<to be read again> 
                   relax 
l.1090 \@IEEEtunefonts
                      
I wasn't able to read the size data for this font,
so I will ignore the font specification.
[Wizards can fix TFM files using TFtoPL/PLtoTF.]
You might try inserting a different font spec;
e.g., type `I\font<same font id>=<substitute font name>'.

! Font \OT1/ptm/b/n/8=nullfont not loadable: Metric (TFM) file not found.
<to be read again> 
                   \relax 
l.1090 \@IEEEtunefonts
                      
I wasn't able to read the size data for this font,
so I will ignore the font specification.
[Wizards can fix TFM files using TFtoPL/PLtoTF.]
You might try inserting a different font spec;
e.g., type `I\font<same font id>=<substitute font name>'.

! Font OT1/ptm/m/it/8=ptmri7t at 8.0pt not loadable: Metric (TFM) file not foun
d.
<to be read again> 
                   relax 
l.1090 \@IEEEtunefonts
                      
I wasn't able to read the size data for this font,
so I will ignore the font specification.
[Wizards can fix TFM files using TFtoPL/PLtoTF.]
You might try inserting a different font spec;
e.g., type `I\font<same font id>=<substitute font name>'.

LaTeX Font Info:    Font shape `OT1/ptm/bx/it' in size <8> not available
(Font)              Font shape `OT1/ptm/b/it' tried instead on input line 1090.

! Font OT1/ptm/bx/it/8=ptmbi7t at 8.0pt not loadable: Metric (TFM) file not fou
nd.
<to be read again> 
                   relax 
l.1090 \@IEEEtunefonts
                      
I wasn't able to read the size data for this font,
so I will ignore the font specification.
[Wizards can fix TFM files using TFtoPL/PLtoTF.]
You might try inserting a different font spec;
e.g., type `I\font<same font id>=<substitute font name>'.

! Font \OT1/ptm/b/it/8=nullfont not loadable: Metric (TFM) file not found.
<to be read again> 
                   \relax 
l.1090 \@IEEEtunefonts
                      
I wasn't able to read the size data for this font,
so I will ignore the font specification.
[Wizards can fix TFM files using TFtoPL/PLtoTF.]
You might try inserting a different font spec;
e.g., type `I\font<same font id>=<substitute font name>'.

LaTeX Font Info:    Font shape `OT1/ptm/bx/n' in size <9> not available
(Font)              Font shape `OT1/ptm/b/n' tried instead on input line 1090.
! Font OT1/ptm/bx/n/9=ptmb7t at 9.0pt not loadable: Metric (TFM) file not found
.
<to be read again> 
                   relax 
l.1090 \@IEEEtunefonts
                      
I wasn't able to read the size data for this font,
so I will ignore the font specification.
[Wizards can fix TFM files using TFtoPL/PLtoTF.]
You might try inserting a different font spec;
e.g., type `I\font<same font id>=<substitute font name>'.

! Font \OT1/ptm/b/n/9=nullfont not loadable: Metric (TFM) file not found.
<to be read again> 
                   \relax 
l.1090 \@IEEEtunefonts
                      
I wasn't able to read the size data for this font,
so I will ignore the font specification.
[Wizards can fix TFM files using TFtoPL/PLtoTF.]
You might try inserting a different font spec;
e.g., type `I\font<same font id>=<substitute font name>'.

! Font OT1/ptm/m/it/9=ptmri7t at 9.0pt not loadable: Metric (TFM) file not foun
d.
<to be read again> 
                   relax 
l.1090 \@IEEEtunefonts
                      
I wasn't able to read the size data for this font,
so I will ignore the font specification.
[Wizards can fix TFM files using TFtoPL/PLtoTF.]
You might try inserting a different font spec;
e.g., type `I\font<same font id>=<substitute font name>'.

LaTeX Font Info:    Font shape `OT1/ptm/bx/it' in size <9> not available
(Font)              Font shape `OT1/ptm/b/it' tried instead on input line 1090.

! Font OT1/ptm/bx/it/9=ptmbi7t at 9.0pt not loadable: Metric (TFM) file not fou
nd.
<to be read again> 
                   relax 
l.1090 \@IEEEtunefonts
                      
I wasn't able to read the size data for this font,
so I will ignore the font specification.
[Wizards can fix TFM files using TFtoPL/PLtoTF.]
You might try inserting a different font spec;
e.g., type `I\font<same font id>=<substitute font name>'.

! Font \OT1/ptm/b/it/9=nullfont not loadable: Metric (TFM) file not found.
<to be read again> 
                   \relax 
l.1090 \@IEEEtunefonts
                      
I wasn't able to read the size data for this font,
so I will ignore the font specification.
[Wizards can fix TFM files using TFtoPL/PLtoTF.]
You might try inserting a different font spec;
e.g., type `I\font<same font id>=<substitute font name>'.

LaTeX Font Info:    Font shape `OT1/ptm/bx/n' in size <10> not available
(Font)              Font shape `OT1/ptm/b/n' tried instead on input line 1090.
! Font OT1/ptm/bx/n/10=ptmb7t at 10.0pt not loadable: Metric (TFM) file not fou
nd.
<to be read again> 
                   relax 
l.1090 \@IEEEtunefonts
                      
I wasn't able to read the size data for this font,
so I will ignore the font specification.
[Wizards can fix TFM files using TFtoPL/PLtoTF.]
You might try inserting a different font spec;
e.g., type `I\font<same font id>=<substitute font name>'.

! Font \OT1/ptm/b/n/10=nullfont not loadable: Metric (TFM) file not found.
<to be read again> 
                   \relax 
l.1090 \@IEEEtunefonts
                      
I wasn't able to read the size data for this font,
so I will ignore the font specification.
[Wizards can fix TFM files using TFtoPL/PLtoTF.]
You might try inserting a different font spec;
e.g., type `I\font<same font id>=<substitute font name>'.

! Font OT1/ptm/m/it/10=ptmri7t at 10.0pt not loadable: Metric (TFM) file not fo
und.
<to be read again> 
                   relax 
l.1090 \@IEEEtunefonts
                      
I wasn't able to read the size data for this font,
so I will ignore the font specification.
[Wizards can fix TFM files using TFtoPL/PLtoTF.]
You might try inserting a different font spec;
e.g., type `I\font<same font id>=<substitute font name>'.

LaTeX Font Info:    Font shape `OT1/ptm/bx/it' in size <10> not available
(Font)              Font shape `OT1/ptm/b/it' tried instead on input line 1090.

! Font OT1/ptm/bx/it/10=ptmbi7t at 10.0pt not loadable: Metric (TFM) file not f
ound.
<to be read again> 
                   relax 
l.1090 \@IEEEtunefonts
                      
I wasn't able to read the size data for this font,
so I will ignore the font specification.
[Wizards can fix TFM files using TFtoPL/PLtoTF.]
You might try inserting a different font spec;
e.g., type `I\font<same font id>=<substitute font name>'.

! Font \OT1/ptm/b/it/10=nullfont not loadable: Metric (TFM) file not found.
<to be read again> 
                   \relax 
l.1090 \@IEEEtunefonts
                      
I wasn't able to read the size data for this font,
so I will ignore the font specification.
[Wizards can fix TFM files using TFtoPL/PLtoTF.]
You might try inserting a different font spec;
e.g., type `I\font<same font id>=<substitute font name>'.

! Font OT1/ptm/m/n/11=ptmr7t at 11.0pt not loadable: Metric (TFM) file not foun
d.
<to be read again> 
                   relax 
l.1090 \@IEEEtunefonts
                      
I wasn't able to read the size data for this font,
so I will ignore the font specification.
[Wizards can fix TFM files using TFtoPL/PLtoTF.]
You might try inserting a different font spec;
e.g., type `I\font<same font id>=<substitute font name>'.

LaTeX Font Info:    Font shape `OT1/ptm/bx/n' in size <11> not available
(Font)              Font shape `OT1/ptm/b/n' tried instead on input line 1090.
! Font OT1/ptm/bx/n/11=ptmb7t at 11.0pt not loadable: Metric (TFM) file not fou
nd.
<to be read again> 
                   relax 
l.1090 \@IEEEtunefonts
                      
I wasn't able to read the size data for this font,
so I will ignore the font specification.
[Wizards can fix TFM files using TFtoPL/PLtoTF.]
You might try inserting a different font spec;
e.g., type `I\font<same font id>=<substitute font name>'.

! Font \OT1/ptm/b/n/11=nullfont not loadable: Metric (TFM) file not found.
<to be read again> 
                   \relax 
l.1090 \@IEEEtunefonts
                      
I wasn't able to read the size data for this font,
so I will ignore the font specification.
[Wizards can fix TFM files using TFtoPL/PLtoTF.]
You might try inserting a different font spec;
e.g., type `I\font<same font id>=<substitute font name>'.

! Font OT1/ptm/m/it/11=ptmri7t at 11.0pt not loadable: Metric (TFM) file not fo
und.
<to be read again> 
                   relax 
l.1090 \@IEEEtunefonts
                      
I wasn't able to read the size data for this font,
so I will ignore the font specification.
[Wizards can fix TFM files using TFtoPL/PLtoTF.]
You might try inserting a different font spec;
e.g., type `I\font<same font id>=<substitute font name>'.

LaTeX Font Info:    Font shape `OT1/ptm/bx/it' in size <11> not available
(Font)              Font shape `OT1/ptm/b/it' tried instead on input line 1090.

! Font OT1/ptm/bx/it/11=ptmbi7t at 11.0pt not loadable: Metric (TFM) file not f
ound.
<to be read again> 
                   relax 
l.1090 \@IEEEtunefonts
                      
I wasn't able to read the size data for this font,
so I will ignore the font specification.
[Wizards can fix TFM files using TFtoPL/PLtoTF.]
You might try inserting a different font spec;
e.g., type `I\font<same font id>=<substitute font name>'.

! Font \OT1/ptm/b/it/11=nullfont not loadable: Metric (TFM) file not found.
<to be read again> 
                   \relax 
l.1090 \@IEEEtunefonts
                      
I wasn't able to read the size data for this font,
so I will ignore the font specification.
[Wizards can fix TFM files using TFtoPL/PLtoTF.]
You might try inserting a different font spec;
e.g., type `I\font<same font id>=<substitute font name>'.

! Font OT1/ptm/m/n/12=ptmr7t at 12.0pt not loadable: Metric (TFM) file not foun
d.
<to be read again> 
                   relax 
l.1090 \@IEEEtunefonts
                      
I wasn't able to read the size data for this font,
so I will ignore the font specification.
[Wizards can fix TFM files using TFtoPL/PLtoTF.]
You might try inserting a different font spec;
e.g., type `I\font<same font id>=<substitute font name>'.

LaTeX Font Info:    Font shape `OT1/ptm/bx/n' in size <12> not available
(Font)              Font shape `OT1/ptm/b/n' tried instead on input line 1090.
! Font OT1/ptm/bx/n/12=ptmb7t at 12.0pt not loadable: Metric (TFM) file not fou
nd.
<to be read again> 
                   relax 
l.1090 \@IEEEtunefonts
                      
I wasn't able to read the size data for this font,
so I will ignore the font specification.
[Wizards can fix TFM files using TFtoPL/PLtoTF.]
You might try inserting a different font spec;
e.g., type `I\font<same font id>=<substitute font name>'.

! Font \OT1/ptm/b/n/12=nullfont not loadable: Metric (TFM) file not found.
<to be read again> 
                   \relax 
l.1090 \@IEEEtunefonts
                      
I wasn't able to read the size data for this font,
so I will ignore the font specification.
[Wizards can fix TFM files using TFtoPL/PLtoTF.]
You might try inserting a different font spec;
e.g., type `I\font<same font id>=<substitute font name>'.

! Font OT1/ptm/m/it/12=ptmri7t at 12.0pt not loadable: Metric (TFM) file not fo
und.
<to be read again> 
                   relax 
l.1090 \@IEEEtunefonts
                      
I wasn't able to read the size data for this font,
so I will ignore the font specification.
[Wizards can fix TFM files using TFtoPL/PLtoTF.]
You might try inserting a different font spec;
e.g., type `I\font<same font id>=<substitute font name>'.

LaTeX Font Info:    Font shape `OT1/ptm/bx/it' in size <12> not available
(Font)              Font shape `OT1/ptm/b/it' tried instead on input line 1090.

! Font OT1/ptm/bx/it/12=ptmbi7t at 12.0pt not loadable: Metric (TFM) file not f
ound.
<to be read again> 
                   relax 
l.1090 \@IEEEtunefonts
                      
I wasn't able to read the size data for this font,
so I will ignore the font specification.
[Wizards can fix TFM files using TFtoPL/PLtoTF.]
You might try inserting a different font spec;
e.g., type `I\font<same font id>=<substitute font name>'.

! Font \OT1/ptm/b/it/12=nullfont not loadable: Metric (TFM) file not found.
<to be read again> 
                   \relax 
l.1090 \@IEEEtunefonts
                      
I wasn't able to read the size data for this font,
so I will ignore the font specification.
[Wizards can fix TFM files using TFtoPL/PLtoTF.]
You might try inserting a different font spec;
e.g., type `I\font<same font id>=<substitute font name>'.

! Font OT1/ptm/m/n/17=ptmr7t at 17.0pt not loadable: Metric (TFM) file not foun
d.
<to be read again> 
                   relax 
l.1090 \@IEEEtunefonts
                      
I wasn't able to read the size data for this font,
so I will ignore the font specification.
[Wizards can fix TFM files using TFtoPL/PLtoTF.]
You might try inserting a different font spec;
e.g., type `I\font<same font id>=<substitute font name>'.

LaTeX Font Info:    Font shape `OT1/ptm/bx/n' in size <17> not available
(Font)              Font shape `OT1/ptm/b/n' tried instead on input line 1090.
! Font OT1/ptm/bx/n/17=ptmb7t at 17.0pt not loadable: Metric (TFM) file not fou
nd.
<to be read again> 
                   relax 
l.1090 \@IEEEtunefonts
                      
I wasn't able to read the size data for this font,
so I will ignore the font specification.
[Wizards can fix TFM files using TFtoPL/PLtoTF.]
You might try inserting a different font spec;
e.g., type `I\font<same font id>=<substitute font name>'.

! Font \OT1/ptm/b/n/17=nullfont not loadable: Metric (TFM) file not found.
<to be read again> 
                   \relax 
l.1090 \@IEEEtunefonts
                      
I wasn't able to read the size data for this font,
so I will ignore the font specification.
[Wizards can fix TFM files using TFtoPL/PLtoTF.]
You might try inserting a different font spec;
e.g., type `I\font<same font id>=<substitute font name>'.

! Font OT1/ptm/m/it/17=ptmri7t at 17.0pt not loadable: Metric (TFM) file not fo
und.
<to be read again> 
                   relax 
l.1090 \@IEEEtunefonts
                      
I wasn't able to read the size data for this font,
so I will ignore the font specification.
[Wizards can fix TFM files using TFtoPL/PLtoTF.]
You might try inserting a different font spec;
e.g., type `I\font<same font id>=<substitute font name>'.

LaTeX Font Info:    Font shape `OT1/ptm/bx/it' in size <17> not available
(Font)              Font shape `OT1/ptm/b/it' tried instead on input line 1090.

! Font OT1/ptm/bx/it/17=ptmbi7t at 17.0pt not loadable: Metric (TFM) file not f
ound.
<to be read again> 
                   relax 
l.1090 \@IEEEtunefonts
                      
I wasn't able to read the size data for this font,
so I will ignore the font specification.
[Wizards can fix TFM files using TFtoPL/PLtoTF.]
You might try inserting a different font spec;
e.g., type `I\font<same font id>=<substitute font name>'.

! Font \OT1/ptm/b/it/17=nullfont not loadable: Metric (TFM) file not found.
<to be read again> 
                   \relax 
l.1090 \@IEEEtunefonts
                      
I wasn't able to read the size data for this font,
so I will ignore the font specification.
[Wizards can fix TFM files using TFtoPL/PLtoTF.]
You might try inserting a different font spec;
e.g., type `I\font<same font id>=<substitute font name>'.

! Font OT1/ptm/m/n/20=ptmr7t at 20.0pt not loadable: Metric (TFM) file not foun
d.
<to be read again> 
                   relax 
l.1090 \@IEEEtunefonts
                      
I wasn't able to read the size data for this font,
so I will ignore the font specification.
[Wizards can fix TFM files using TFtoPL/PLtoTF.]
You might try inserting a different font spec;
e.g., type `I\font<same font id>=<substitute font name>'.

LaTeX Font Info:    Font shape `OT1/ptm/bx/n' in size <20> not available
(Font)              Font shape `OT1/ptm/b/n' tried instead on input line 1090.
! Font OT1/ptm/bx/n/20=ptmb7t at 20.0pt not loadable: Metric (TFM) file not fou
nd.
<to be read again> 
                   relax 
l.1090 \@IEEEtunefonts
                      
I wasn't able to read the size data for this font,
so I will ignore the font specification.
[Wizards can fix TFM files using TFtoPL/PLtoTF.]
You might try inserting a different font spec;
e.g., type `I\font<same font id>=<substitute font name>'.

! Font \OT1/ptm/b/n/20=nullfont not loadable: Metric (TFM) file not found.
<to be read again> 
                   \relax 
l.1090 \@IEEEtunefonts
                      
I wasn't able to read the size data for this font,
so I will ignore the font specification.
[Wizards can fix TFM files using TFtoPL/PLtoTF.]
You might try inserting a different font spec;
e.g., type `I\font<same font id>=<substitute font name>'.

! Font OT1/ptm/m/it/20=ptmri7t at 20.0pt not loadable: Metric (TFM) file not fo
und.
<to be read again> 
                   relax 
l.1090 \@IEEEtunefonts
                      
I wasn't able to read the size data for this font,
so I will ignore the font specification.
[Wizards can fix TFM files using TFtoPL/PLtoTF.]
You might try inserting a different font spec;
e.g., type `I\font<same font id>=<substitute font name>'.

LaTeX Font Info:    Font shape `OT1/ptm/bx/it' in size <20> not available
(Font)              Font shape `OT1/ptm/b/it' tried instead on input line 1090.

! Font OT1/ptm/bx/it/20=ptmbi7t at 20.0pt not loadable: Metric (TFM) file not f
ound.
<to be read again> 
                   relax 
l.1090 \@IEEEtunefonts
                      
I wasn't able to read the size data for this font,
so I will ignore the font specification.
[Wizards can fix TFM files using TFtoPL/PLtoTF.]
You might try inserting a different font spec;
e.g., type `I\font<same font id>=<substitute font name>'.

! Font \OT1/ptm/b/it/20=nullfont not loadable: Metric (TFM) file not found.
<to be read again> 
                   \relax 
l.1090 \@IEEEtunefonts
                      
I wasn't able to read the size data for this font,
so I will ignore the font specification.
[Wizards can fix TFM files using TFtoPL/PLtoTF.]
You might try inserting a different font spec;
e.g., type `I\font<same font id>=<substitute font name>'.

! Font OT1/ptm/m/n/24=ptmr7t at 24.0pt not loadable: Metric (TFM) file not foun
d.
<to be read again> 
                   relax 
l.1090 \@IEEEtunefonts
                      
I wasn't able to read the size data for this font,
so I will ignore the font specification.
[Wizards can fix TFM files using TFtoPL/PLtoTF.]
You might try inserting a different font spec;
e.g., type `I\font<same font id>=<substitute font name>'.

LaTeX Font Info:    Font shape `OT1/ptm/bx/n' in size <24> not available
(Font)              Font shape `OT1/ptm/b/n' tried instead on input line 1090.
! Font OT1/ptm/bx/n/24=ptmb7t at 24.0pt not loadable: Metric (TFM) file not fou
nd.
<to be read again> 
                   relax 
l.1090 \@IEEEtunefonts
                      
I wasn't able to read the size data for this font,
so I will ignore the font specification.
[Wizards can fix TFM files using TFtoPL/PLtoTF.]
You might try inserting a different font spec;
e.g., type `I\font<same font id>=<substitute font name>'.

! Font \OT1/ptm/b/n/24=nullfont not loadable: Metric (TFM) file not found.
<to be read again> 
                   \relax 
l.1090 \@IEEEtunefonts
                      
I wasn't able to read the size data for this font,
so I will ignore the font specification.
[Wizards can fix TFM files using TFtoPL/PLtoTF.]
You might try inserting a different font spec;
e.g., type `I\font<same font id>=<substitute font name>'.

! Font OT1/ptm/m/it/24=ptmri7t at 24.0pt not loadable: Metric (TFM) file not fo
und.
<to be read again> 
                   relax 
l.1090 \@IEEEtunefonts
                      
I wasn't able to read the size data for this font,
so I will ignore the font specification.
[Wizards can fix TFM files using TFtoPL/PLtoTF.]
You might try inserting a different font spec;
e.g., type `I\font<same font id>=<substitute font name>'.

LaTeX Font Info:    Font shape `OT1/ptm/bx/it' in size <24> not available
(Font)              Font shape `OT1/ptm/b/it' tried instead on input line 1090.

! Font OT1/ptm/bx/it/24=ptmbi7t at 24.0pt not loadable: Metric (TFM) file not f
ound.
<to be read again> 
                   relax 
l.1090 \@IEEEtunefonts
                      
I wasn't able to read the size data for this font,
so I will ignore the font specification.
[Wizards can fix TFM files using TFtoPL/PLtoTF.]
You might try inserting a different font spec;
e.g., type `I\font<same font id>=<substitute font name>'.

! Font \OT1/ptm/b/it/24=nullfont not loadable: Metric (TFM) file not found.
<to be read again> 
                   \relax 
l.1090 \@IEEEtunefonts
                      
I wasn't able to read the size data for this font,
so I will ignore the font specification.
[Wizards can fix TFM files using TFtoPL/PLtoTF.]
You might try inserting a different font spec;
e.g., type `I\font<same font id>=<substitute font name>'.

\IEEEquantizedlength=\dimen109
\IEEEquantizedlengthdiff=\dimen110
\IEEEquantizedtextheightdiff=\dimen111
Missing character: There is no g in font nullfont!
Missing character: There is no T in font nullfont!
Missing character: There is no T in font nullfont!
Missing character: There is no g in font nullfont!
Missing character: There is no T in font nullfont!
Missing character: There is no T in font nullfont!
Missing character: There is no g in font nullfont!
Missing character: There is no T in font nullfont!
Missing character: There is no g in font nullfont!
Missing character: There is no T in font nullfont!
Missing character: There is no g in font nullfont!
Missing character: There is no T in font nullfont!
\IEEEilabelindentA=\dimen112
\IEEEilabelindentB=\dimen113
\IEEEilabelindent=\dimen114
\IEEEelabelindent=\dimen115
\IEEEdlabelindent=\dimen116
\IEEElabelindent=\dimen117
\IEEEiednormlabelsep=\dimen118
\IEEEiedmathlabelsep=\dimen119
\IEEEiedtopsep=\skip41
\c@section=\count82
\c@subsection=\count83
\c@subsubsection=\count84
\c@paragraph=\count85
\c@IEEEsubequation=\count86
\abovecaptionskip=\skip42
\belowcaptionskip=\skip43
\c@figure=\count87
\c@table=\count88
\@IEEEeqnnumcols=\count89
\@IEEEeqncolcnt=\count90
\@IEEEsubeqnnumrollback=\count91
\@IEEEquantizeheightA=\dimen120
\@IEEEquantizeheightB=\dimen121
\@IEEEquantizeheightC=\dimen122
\@IEEEquantizeprevdepth=\dimen123
\@IEEEquantizemultiple=\count92
\@IEEEquantizeboxA=\box26
\@IEEEtmpitemindent=\dimen124
\IEEEPARstartletwidth=\dimen125
\c@IEEEbiography=\count93
\@IEEEtranrubishbin=\box27
) (/usr/share/texlive/texmf-dist/tex/latex/lineno/lineno.sty
Package: lineno 2005/11/02 line numbers on paragraphs v4.41
\linenopenalty=\count94
\output=\toks15
\linenoprevgraf=\count95
\linenumbersep=\dimen126
\linenumberwidth=\dimen127
\c@linenumber=\count96
\c@pagewiselinenumber=\count97
\c@LN@truepage=\count98
\c@internallinenumber=\count99
\c@internallinenumbers=\count100
\quotelinenumbersep=\dimen128
\bframerule=\dimen129
\bframesep=\dimen130
\bframebox=\box28
LaTeX Info: Redefining \\ on input line 3056.
)
(/usr/share/texlive/texmf-dist/tex/latex/cite/cite.sty
LaTeX Info: Redefining \cite on input line 302.
LaTeX Info: Redefining \nocite on input line 332.
Package: cite 2015/02/27  v 5.5
)
(/usr/share/texlive/texmf-dist/tex/latex/url/url.sty
\Urlmuskip=\muskip10
Package: url 2013/09/16  ver 3.4  Verb mode for urls, etc.
)

! LaTeX Error: File `lipsum.sty' not found.

Type X to quit or <RETURN> to proceed,
or enter new name. (Default extension: sty)

Enter file name: 
! Emergency stop.
<read *> 
         
l.74 ^^M
        
*** (cannot \read from terminal in nonstop modes)

 
Here is how much of TeX's memory you used:
 1390 strings out of 494953
 23981 string characters out of 6180977
 70528 words of memory out of 5000000
 4750 multiletter control sequences out of 15000+600000
 3640 words of font info for 14 fonts, out of 8000000 for 9000
 14 hyphenation exceptions out of 8191
 26i,1n,19p,229b,98s stack positions out of 5000i,500n,10000p,200000b,80000s
!  ==> Fatal error occurred, no output PDF file produced!
